#
# A fatal error has been detected by the Java Runtime Environment:
#
#  EXCEPTION_ACCESS_VIOLATION (0xc0000005) at pc=0x00007ffa7633e0a9, pid=7688, tid=7948
#
# JRE version: OpenJDK Runtime Environment Microsoft-8035246 (17.0.8+7) (build 17.0.8+7-LTS)
# Java VM: OpenJDK 64-Bit Server VM Microsoft-8035246 (17.0.8+7-LTS, mixed mode, sharing, tiered, compressed oops, compressed class ptrs, g1 gc, windows-amd64)
# Problematic frame:
# V  [jvm.dll+0x2be0a9]
#
# No core dump will be written. Minidumps are not enabled by default on client versions of Windows
#
# If you would like to submit a bug report, please visit:
#   https://github.com/microsoft/openjdk/issues
#

---------------  S U M M A R Y ------------

Command Line: -XX:MaxMetaspaceSize=512m --add-opens=java.base/java.util=ALL-UNNAMED --add-opens=java.base/java.lang=ALL-UNNAMED --add-opens=java.base/java.lang.invoke=ALL-UNNAMED --add-opens=java.base/java.util=ALL-UNNAMED --add-opens=java.prefs/java.util.prefs=ALL-UNNAMED --add-opens=java.prefs/java.util.prefs=ALL-UNNAMED --add-opens=java.base/java.nio.charset=ALL-UNNAMED --add-opens=java.base/java.net=ALL-UNNAMED --add-opens=java.base/java.util.concurrent.atomic=ALL-UNNAMED -Xmx2048m -Dfile.encoding=windows-1252 -Duser.country=ZA -Duser.language=en -Duser.variant org.gradle.launcher.daemon.bootstrap.GradleDaemon 7.3.3

Host: Intel(R) Xeon(R) Platinum 8272CL CPU @ 2.60GHz, 4 cores, 15G,  Windows 11 , 64 bit Build 22000 (10.0.22000.2538)
Time: Tue Oct  8 11:14:54 2024 South Africa Standard Time elapsed time: 44.976958 seconds (0d 0h 0m 44s)

---------------  T H R E A D  ---------------

Current thread (0x00000242c2094c40):  JavaThread "C2 CompilerThread0" daemon [_thread_in_native, id=7948, stack(0x00000054a6500000,0x00000054a6600000)]


Current CompileTask:
C2:  44977 14220   !   4       org.gradle.cache.internal.DefaultMultiProcessSafePersistentIndexedCache::getIfPresent (25 bytes)

Stack: [0x00000054a6500000,0x00000054a6600000],  sp=0x00000054a65fb270,  free space=1004k
Native frames: (J=compiled Java code, j=interpreted, Vv=VM code, C=native code)
V  [jvm.dll+0x2be0a9]
V  [jvm.dll+0x21ba8b]
V  [jvm.dll+0x21944b]
V  [jvm.dll+0x1a56b6]
V  [jvm.dll+0x2291ea]
V  [jvm.dll+0x22724c]
V  [jvm.dll+0x7efd0c]
V  [jvm.dll+0x7ea13a]
V  [jvm.dll+0x67ad85]
C  [ucrtbase.dll+0x26c0c]
C  [KERNEL32.DLL+0x153e0]
C  [ntdll.dll+0x485b]


siginfo: EXCEPTION_ACCESS_VIOLATION (0xc0000005), reading address 0x0000000000000028


Register to memory mapping:

RIP=0x00007ffa7633e0a9 jvm.dll
RAX=0x00000242ed4f9310 points into unknown readable memory: 0x0000000000000000 | 00 00 00 00 00 00 00 00
RBX=0x000000000000179f is an unknown value
RCX=0x0 is NULL
RDX=0x0 is NULL
RSP=0x00000054a65fb270 is pointing into the stack for thread: 0x00000242c2094c40
RBP=0x00000054a65fb2e0 is pointing into the stack for thread: 0x00000242c2094c40
RSI=0x0 is NULL
RDI=0x0000000000000048 is an unknown value
R8 =0x000000000000ffe0 is an unknown value
R9 =0x0 is NULL
R10=0x00007ffad11b0000 VCRUNTIME140.dll
R11=0x00000242ed4f9330 points into unknown readable memory: 0x0000000000000000 | 00 00 00 00 00 00 00 00
R12=0x0000000000000050 is an unknown value
R13=0x0 is NULL
R14=0x0 is NULL
R15=0x00000054a65fe490 is pointing into the stack for thread: 0x00000242c2094c40


Registers:
RAX=0x00000242ed4f9310, RBX=0x000000000000179f, RCX=0x0000000000000000, RDX=0x0000000000000000
RSP=0x00000054a65fb270, RBP=0x00000054a65fb2e0, RSI=0x0000000000000000, RDI=0x0000000000000048
R8 =0x000000000000ffe0, R9 =0x0000000000000000, R10=0x00007ffad11b0000, R11=0x00000242ed4f9330
R12=0x0000000000000050, R13=0x0000000000000000, R14=0x0000000000000000, R15=0x00000054a65fe490
RIP=0x00007ffa7633e0a9, EFLAGS=0x0000000000010202

Top of Stack: (sp=0x00000054a65fb270)
0x00000054a65fb270:   000000000000179f 0000000000000000
0x00000054a65fb280:   00000054a65fe490 00007ffa762a38d1
0x00000054a65fb290:   00000242c208e880 00007ffa00002000
0x00000054a65fb2a0:   00000242ed4f9310 0000024200000000
0x00000054a65fb2b0:   0000000000000002 00000242e7f21270
0x00000054a65fb2c0:   0000000000000002 00000242c208e880
0x00000054a65fb2d0:   0000000000000000 0000000000000000
0x00000054a65fb2e0:   00000242c2075cb0 00000242a4496c80
0x00000054a65fb2f0:   0000000000000048 00007ffa769c4c08
0x00000054a65fb300:   00000054a65fb410 00007ffa7629ba8b
0x00000054a65fb310:   00000054a65fe490 00007ffa769c4c08
0x00000054a65fb320:   00000054a65fe490 00000054a65fb410
0x00000054a65fb330:   0000024200000000 00007ffa7669b7fb
0x00000054a65fb340:   000000540000000f 00000054a65fe490
0x00000054a65fb350:   00000054a65fb4c0 0000000000000000
0x00000054a65fb360:   0000024200000100 00007ffa769c4c08 

Instructions: (pc=0x00007ffa7633e0a9)
0x00007ffa7633dfa9:   3b d0 75 0b ff c1 41 3b c9 7c dc 48 8b c2 c3 33
0x00007ffa7633dfb9:   c0 c3 cc cc cc cc cc 48 89 5c 24 18 55 56 57 41
0x00007ffa7633dfc9:   55 41 57 48 8b ec 48 83 ec 70 65 48 8b 04 25 58
0x00007ffa7633dfd9:   00 00 00 48 8b f2 44 8b 05 d2 8b 90 00 4c 8b f9
0x00007ffa7633dfe9:   4a 8b 1c c0 b8 50 00 00 00 80 3c 18 00 75 05 e8
0x00007ffa7633dff9:   8b 6f 5d 00 b8 20 00 00 00 48 8b 04 18 48 8b 98
0x00007ffa7633e009:   38 02 00 00 48 89 5d b0 c7 45 b8 04 00 00 00 48
0x00007ffa7633e019:   8b 43 18 48 83 f8 df 76 18 4c 8d 05 37 a9 65 00
0x00007ffa7633e029:   ba 20 00 00 00 48 8b cb e8 5a eb de ff 48 8b 43
0x00007ffa7633e039:   18 48 8d 48 20 48 3b 4b 20 76 11 45 33 c0 48 8b
0x00007ffa7633e049:   cb 41 8d 50 20 e8 fd e8 de ff eb 04 48 89 4b 18
0x00007ffa7633e059:   44 8b 45 b8 33 d2 49 c1 e0 03 48 8b c8 48 89 45
0x00007ffa7633e069:   c0 e8 e3 80 5d 00 45 33 ed 48 8d 4d d0 44 89 6d
0x00007ffa7633e079:   c8 e8 01 59 56 00 41 8b 9f 40 02 00 00 41 2b 9f
0x00007ffa7633e089:   68 02 00 00 44 89 6d f0 3b 5d b8 72 0b 8b d3 48
0x00007ffa7633e099:   8d 4d b0 e8 6f b3 39 00 48 8b 45 c0 4c 89 2c d8
0x00007ffa7633e0a9:   8b 7e 28 8b df c1 eb 05 3b 5d d0 72 0b 8b d3 48
0x00007ffa7633e0b9:   8d 4d d0 e8 1f 59 56 00 48 8b 45 d8 83 e7 1f 48
0x00007ffa7633e0c9:   8d 14 98 40 0f b6 cf 41 b8 01 00 00 00 41 d3 e0
0x00007ffa7633e0d9:   8b 0a 8b c1 41 0b c0 89 02 41 85 c8 75 21 8b 5d
0x00007ffa7633e0e9:   c8 8d 43 01 89 45 c8 3b 5d b8 72 0b 8b d3 48 8d
0x00007ffa7633e0f9:   4d b0 e8 10 b3 39 00 48 8b 45 c0 48 89 34 d8 44
0x00007ffa7633e109:   39 6d c8 0f 86 77 01 00 00 4c 89 a4 24 a0 00 00
0x00007ffa7633e119:   00 4c 89 b4 24 a8 00 00 00 48 8b 45 c0 41 8b cd
0x00007ffa7633e129:   48 8b 34 c8 8b 46 2c 25 ff 1f 00 00 3d 04 10 00
0x00007ffa7633e139:   00 0f 85 a7 00 00 00 bb 01 00 00 00 39 5e 18 76
0x00007ffa7633e149:   39 66 0f 1f 44 00 00 48 8b 46 08 8b cb 48 8b 14
0x00007ffa7633e159:   c8 48 85 d2 74 1d 48 83 7a 10 00 74 16 80 7a 2c
0x00007ffa7633e169:   84 74 10 e8 7f 7e ee ff 48 8b d0 49 8b cf e8 a4
0x00007ffa7633e179:   61 f6 ff ff c3 3b 5e 18 72 cd 48 8b 5e 10 8b 46
0x00007ffa7633e189:   20 4c 8d 34 c3 49 3b de 73 54 48 8b 3b 8b 47 2c
0x00007ffa7633e199:   83 e0 03 3c 03 75 2e 48 8b 07 48 8b cf ff 90 88 


Stack slot to memory mapping:
stack at sp + 0 slots: 0x000000000000179f is an unknown value
stack at sp + 1 slots: 0x0 is NULL
stack at sp + 2 slots: 0x00000054a65fe490 is pointing into the stack for thread: 0x00000242c2094c40
stack at sp + 3 slots: 0x00007ffa762a38d1 jvm.dll
stack at sp + 4 slots: 0x00000242c208e880 points into unknown readable memory: 0x0000000000000006 | 06 00 00 00 00 00 00 00
stack at sp + 5 slots: 0x00007ffa00002000 is an unknown value
stack at sp + 6 slots: 0x00000242ed4f9310 points into unknown readable memory: 0x0000000000000000 | 00 00 00 00 00 00 00 00
stack at sp + 7 slots: 0x0000024200000000 is an unknown value


---------------  P R O C E S S  ---------------

Threads class SMR info:
_java_thread_list=0x00000242e80054b0, length=90, elements={
0x00000242a447fd10, 0x00000242c2076c60, 0x00000242c2077820, 0x00000242c2090150,
0x00000242c2090b10, 0x00000242c20914d0, 0x00000242c2093ea0, 0x00000242c2094c40,
0x00000242c20956f0, 0x00000242c20ae5d0, 0x00000242c22d11a0, 0x00000242c22d1cb0,
0x00000242e2bf9020, 0x00000242e28faa20, 0x00000242e28fc370, 0x00000242e28fc880,
0x00000242e28fbe60, 0x00000242e28f9af0, 0x00000242e28f90d0, 0x00000242e28fa000,
0x00000242e28faf30, 0x00000242e28fa510, 0x00000242e28fb950, 0x00000242e28f95e0,
0x00000242e33263f0, 0x00000242e3327d40, 0x00000242e3328760, 0x00000242e33254c0,
0x00000242e3327830, 0x00000242e3327320, 0x00000242e3322730, 0x00000242e3323660,
0x00000242e3326900, 0x00000242e3323b70, 0x00000242e3328250, 0x00000242e33259d0,
0x00000242e3324590, 0x00000242e3328c70, 0x00000242e3321800, 0x00000242e3321d10,
0x00000242e3322220, 0x00000242e3322c40, 0x00000242e3323150, 0x00000242e3324aa0,
0x00000242e3325ee0, 0x00000242e3326e10, 0x00000242e2cc9310, 0x00000242e2cc83e0,
0x00000242e2cc1ea0, 0x00000242e2cc4720, 0x00000242e2cc5b60, 0x00000242e2cc6580,
0x00000242e2cc2dd0, 0x00000242e2cc32e0, 0x00000242e2cc4210, 0x00000242e2cc6a90,
0x00000242e2cc74b0, 0x00000242e2cc6fa0, 0x00000242e2cc88f0, 0x00000242e2cc6070,
0x00000242e2cc37f0, 0x00000242e2cc79c0, 0x00000242e2cc3d00, 0x00000242e2cc4c30,
0x00000242e2cc9820, 0x00000242e2cc23b0, 0x00000242e2cc8e00, 0x00000242e2cc7ed0,
0x00000242e2cc28c0, 0x00000242e2cc5140, 0x00000242e2cc5650, 0x00000242e32b8ec0,
0x00000242e32b89b0, 0x00000242e32b98e0, 0x00000242e32b7a80, 0x00000242e32b93d0,
0x00000242e32b7570, 0x00000242e32ba300, 0x00000242e32ba810, 0x00000242e57559b0,
0x00000242e5754f90, 0x00000242e5754060, 0x00000242e5755ec0, 0x00000242e5754a80,
0x00000242e5757810, 0x00000242e81a24b0, 0x00000242e57568e0, 0x00000242e5756df0,
0x00000242e5757300, 0x00000242e32b7f90
}

Java Threads: ( => current thread )
  0x00000242a447fd10 JavaThread "main" [_thread_blocked, id=11916, stack(0x00000054a5800000,0x00000054a5900000)]
  0x00000242c2076c60 JavaThread "Reference Handler" daemon [_thread_blocked, id=9052, stack(0x00000054a5f00000,0x00000054a6000000)]
  0x00000242c2077820 JavaThread "Finalizer" daemon [_thread_blocked, id=12136, stack(0x00000054a6000000,0x00000054a6100000)]
  0x00000242c2090150 JavaThread "Signal Dispatcher" daemon [_thread_blocked, id=8492, stack(0x00000054a6100000,0x00000054a6200000)]
  0x00000242c2090b10 JavaThread "Attach Listener" daemon [_thread_blocked, id=11428, stack(0x00000054a6200000,0x00000054a6300000)]
  0x00000242c20914d0 JavaThread "Service Thread" daemon [_thread_blocked, id=11880, stack(0x00000054a6300000,0x00000054a6400000)]
  0x00000242c2093ea0 JavaThread "Monitor Deflation Thread" daemon [_thread_blocked, id=12796, stack(0x00000054a6400000,0x00000054a6500000)]
=>0x00000242c2094c40 JavaThread "C2 CompilerThread0" daemon [_thread_in_native, id=7948, stack(0x00000054a6500000,0x00000054a6600000)]
  0x00000242c20956f0 JavaThread "C1 CompilerThread0" daemon [_thread_blocked, id=7200, stack(0x00000054a6600000,0x00000054a6700000)]
  0x00000242c20ae5d0 JavaThread "Sweeper thread" daemon [_thread_blocked, id=12880, stack(0x00000054a6700000,0x00000054a6800000)]
  0x00000242c22d11a0 JavaThread "Common-Cleaner" daemon [_thread_blocked, id=11276, stack(0x00000054a6800000,0x00000054a6900000)]
  0x00000242c22d1cb0 JavaThread "Notification Thread" daemon [_thread_blocked, id=10496, stack(0x00000054a6900000,0x00000054a6a00000)]
  0x00000242e2bf9020 JavaThread "Daemon health stats" [_thread_blocked, id=13096, stack(0x00000054a6f00000,0x00000054a7000000)]
  0x00000242e28faa20 JavaThread "Incoming local TCP Connector on port 60681" [_thread_in_native, id=400, stack(0x00000054a6b00000,0x00000054a6c00000)]
  0x00000242e28fc370 JavaThread "Daemon periodic checks" [_thread_blocked, id=12236, stack(0x00000054a7000000,0x00000054a7100000)]
  0x00000242e28fc880 JavaThread "Daemon" [_thread_blocked, id=11320, stack(0x00000054a7100000,0x00000054a7200000)]
  0x00000242e28fbe60 JavaThread "Handler for socket connection from /127.0.0.1:60681 to /127.0.0.1:60682" [_thread_in_native, id=12716, stack(0x00000054a7200000,0x00000054a7300000)]
  0x00000242e28f9af0 JavaThread "Cancel handler" [_thread_blocked, id=12844, stack(0x00000054a7300000,0x00000054a7400000)]
  0x00000242e28f90d0 JavaThread "Daemon worker" [_thread_blocked, id=12888, stack(0x00000054a7400000,0x00000054a7500000)]
  0x00000242e28fa000 JavaThread "Asynchronous log dispatcher for DefaultDaemonConnection: socket connection from /127.0.0.1:60681 to /127.0.0.1:60682" [_thread_blocked, id=12712, stack(0x00000054a7500000,0x00000054a7600000)]
  0x00000242e28faf30 JavaThread "Stdin handler" [_thread_blocked, id=13204, stack(0x00000054a7600000,0x00000054a7700000)]
  0x00000242e28fa510 JavaThread "Daemon client event forwarder" [_thread_blocked, id=3008, stack(0x00000054a7700000,0x00000054a7800000)]
  0x00000242e28fb950 JavaThread "Cache worker for journal cache (C:\Users\lab_services_student\.gradle\caches\journal-1)" [_thread_blocked, id=2760, stack(0x00000054a7800000,0x00000054a7900000)]
  0x00000242e28f95e0 JavaThread "File lock request listener" [_thread_in_native, id=8680, stack(0x00000054a7900000,0x00000054a7a00000)]
  0x00000242e33263f0 JavaThread "Cache worker for file hash cache (C:\Users\lab_services_student\.gradle\caches\7.3.3\fileHashes)" [_thread_blocked, id=1168, stack(0x00000054a7a00000,0x00000054a7b00000)]
  0x00000242e3327d40 JavaThread "Cache worker for file hash cache (C:\Users\lab_services_student\Desktop\MAST PART 2\Part\android\.gradle\7.3.3\fileHashes)" [_thread_blocked, id=13228, stack(0x00000054a7c00000,0x00000054a7d00000)]
  0x00000242e3328760 JavaThread "File watcher server" daemon [_thread_in_native, id=11424, stack(0x00000054a7d00000,0x00000054a7e00000)]
  0x00000242e33254c0 JavaThread "File watcher consumer" daemon [_thread_blocked, id=13308, stack(0x00000054a7e00000,0x00000054a7f00000)]
  0x00000242e3327830 JavaThread "Cache worker for checksums cache (C:\Users\lab_services_student\Desktop\MAST PART 2\Part\android\.gradle\7.3.3\checksums)" [_thread_blocked, id=5316, stack(0x00000054a7f00000,0x00000054a8000000)]
  0x00000242e3327320 JavaThread "Cache worker for cache directory md-supplier (C:\Users\lab_services_student\.gradle\caches\7.3.3\md-supplier)" [_thread_blocked, id=11092, stack(0x00000054a8000000,0x00000054a8100000)]
  0x00000242e3322730 JavaThread "Cache worker for cache directory md-rule (C:\Users\lab_services_student\.gradle\caches\7.3.3\md-rule)" [_thread_blocked, id=2572, stack(0x00000054a8100000,0x00000054a8200000)]
  0x00000242e3323660 JavaThread "Cache worker for execution history cache (C:\Users\lab_services_student\.gradle\caches\7.3.3\executionHistory)" [_thread_blocked, id=5112, stack(0x00000054a8200000,0x00000054a8300000)]
  0x00000242e3326900 JavaThread "jar transforms" [_thread_blocked, id=2948, stack(0x00000054a8300000,0x00000054a8400000)]
  0x00000242e3323b70 JavaThread "jar transforms Thread 2" [_thread_blocked, id=204, stack(0x00000054a8400000,0x00000054a8500000)]
  0x00000242e3328250 JavaThread "Cache worker for file content cache (C:\Users\lab_services_student\.gradle\caches\7.3.3\fileContent)" [_thread_blocked, id=6988, stack(0x00000054a8500000,0x00000054a8600000)]
  0x00000242e33259d0 JavaThread "jar transforms Thread 3" [_thread_blocked, id=11068, stack(0x00000054a8600000,0x00000054a8700000)]
  0x00000242e3324590 JavaThread "jar transforms Thread 4" [_thread_blocked, id=12092, stack(0x00000054a8700000,0x00000054a8800000)]
  0x00000242e3328c70 JavaThread "Cache worker for kotlin-dsl (C:\Users\lab_services_student\.gradle\caches\7.3.3\kotlin-dsl)" [_thread_blocked, id=556, stack(0x00000054a8800000,0x00000054a8900000)]
  0x00000242e3321800 JavaThread "Cache worker for dependencies-accessors (C:\Users\lab_services_student\Desktop\MAST PART 2\Part\android\.gradle\7.3.3\dependencies-accessors)" [_thread_blocked, id=3296, stack(0x00000054a8900000,0x00000054a8a00000)]
  0x00000242e3321d10 JavaThread "Cache worker for Build Output Cleanup Cache (C:\Users\lab_services_student\Desktop\MAST PART 2\Part\node_modules\react-native-gradle-plugin\.gradle\buildOutputCleanup)" [_thread_blocked, id=2236, stack(0x00000054a8a00000,0x00000054a8b00000)]
  0x00000242e3322220 JavaThread "Unconstrained build operations" [_thread_blocked, id=4552, stack(0x00000054a8b00000,0x00000054a8c00000)]
  0x00000242e3322c40 JavaThread "Unconstrained build operations Thread 2" [_thread_blocked, id=6284, stack(0x00000054a8c00000,0x00000054a8d00000)]
  0x00000242e3323150 JavaThread "Unconstrained build operations Thread 3" [_thread_blocked, id=6384, stack(0x00000054a8d00000,0x00000054a8e00000)]
  0x00000242e3324aa0 JavaThread "Unconstrained build operations Thread 4" [_thread_blocked, id=6392, stack(0x00000054a8e00000,0x00000054a8f00000)]
  0x00000242e3325ee0 JavaThread "Unconstrained build operations Thread 5" [_thread_blocked, id=9148, stack(0x00000054a8f00000,0x00000054a9000000)]
  0x00000242e3326e10 JavaThread "Unconstrained build operations Thread 6" [_thread_blocked, id=6816, stack(0x00000054a9000000,0x00000054a9100000)]
  0x00000242e2cc9310 JavaThread "Unconstrained build operations Thread 7" [_thread_blocked, id=4472, stack(0x00000054a9100000,0x00000054a9200000)]
  0x00000242e2cc83e0 JavaThread "Unconstrained build operations Thread 8" [_thread_blocked, id=1288, stack(0x00000054a9200000,0x00000054a9300000)]
  0x00000242e2cc1ea0 JavaThread "Unconstrained build operations Thread 9" [_thread_blocked, id=7096, stack(0x00000054a9300000,0x00000054a9400000)]
  0x00000242e2cc4720 JavaThread "Unconstrained build operations Thread 10" [_thread_blocked, id=7112, stack(0x00000054a9400000,0x00000054a9500000)]
  0x00000242e2cc5b60 JavaThread "Unconstrained build operations Thread 11" [_thread_blocked, id=12588, stack(0x00000054a9500000,0x00000054a9600000)]
  0x00000242e2cc6580 JavaThread "Unconstrained build operations Thread 12" [_thread_blocked, id=8428, stack(0x00000054a9600000,0x00000054a9700000)]
  0x00000242e2cc2dd0 JavaThread "Unconstrained build operations Thread 13" [_thread_blocked, id=8640, stack(0x00000054a9700000,0x00000054a9800000)]
  0x00000242e2cc32e0 JavaThread "Unconstrained build operations Thread 14" [_thread_blocked, id=924, stack(0x00000054a9800000,0x00000054a9900000)]
  0x00000242e2cc4210 JavaThread "Unconstrained build operations Thread 15" [_thread_blocked, id=9116, stack(0x00000054a9900000,0x00000054a9a00000)]
  0x00000242e2cc6a90 JavaThread "Unconstrained build operations Thread 16" [_thread_blocked, id=7792, stack(0x00000054a9a00000,0x00000054a9b00000)]
  0x00000242e2cc74b0 JavaThread "Unconstrained build operations Thread 17" [_thread_blocked, id=4616, stack(0x00000054a9b00000,0x00000054a9c00000)]
  0x00000242e2cc6fa0 JavaThread "Unconstrained build operations Thread 18" [_thread_blocked, id=1216, stack(0x00000054a9c00000,0x00000054a9d00000)]
  0x00000242e2cc88f0 JavaThread "Unconstrained build operations Thread 19" [_thread_blocked, id=1296, stack(0x00000054a9d00000,0x00000054a9e00000)]
  0x00000242e2cc6070 JavaThread "Unconstrained build operations Thread 20" [_thread_blocked, id=6244, stack(0x00000054a9e00000,0x00000054a9f00000)]
  0x00000242e2cc37f0 JavaThread "Unconstrained build operations Thread 21" [_thread_blocked, id=1084, stack(0x00000054a9f00000,0x00000054aa000000)]
  0x00000242e2cc79c0 JavaThread "Unconstrained build operations Thread 22" [_thread_blocked, id=604, stack(0x00000054aa000000,0x00000054aa100000)]
  0x00000242e2cc3d00 JavaThread "Unconstrained build operations Thread 23" [_thread_blocked, id=4972, stack(0x00000054aa100000,0x00000054aa200000)]
  0x00000242e2cc4c30 JavaThread "Unconstrained build operations Thread 24" [_thread_blocked, id=6640, stack(0x00000054aa200000,0x00000054aa300000)]
  0x00000242e2cc9820 JavaThread "Unconstrained build operations Thread 25" [_thread_blocked, id=1780, stack(0x00000054aa300000,0x00000054aa400000)]
  0x00000242e2cc23b0 JavaThread "Unconstrained build operations Thread 26" [_thread_blocked, id=948, stack(0x00000054aa400000,0x00000054aa500000)]
  0x00000242e2cc8e00 JavaThread "Unconstrained build operations Thread 27" [_thread_blocked, id=8928, stack(0x00000054aa500000,0x00000054aa600000)]
  0x00000242e2cc7ed0 JavaThread "Unconstrained build operations Thread 28" [_thread_blocked, id=1152, stack(0x00000054aa600000,0x00000054aa700000)]
  0x00000242e2cc28c0 JavaThread "Unconstrained build operations Thread 29" [_thread_blocked, id=6032, stack(0x00000054aa700000,0x00000054aa800000)]
  0x00000242e2cc5140 JavaThread "Unconstrained build operations Thread 30" [_thread_blocked, id=5956, stack(0x00000054aa800000,0x00000054aa900000)]
  0x00000242e2cc5650 JavaThread "Unconstrained build operations Thread 31" [_thread_blocked, id=1220, stack(0x00000054aa900000,0x00000054aaa00000)]
  0x00000242e32b8ec0 JavaThread "Unconstrained build operations Thread 32" [_thread_blocked, id=4336, stack(0x00000054aaa00000,0x00000054aab00000)]
  0x00000242e32b89b0 JavaThread "Unconstrained build operations Thread 33" [_thread_blocked, id=2560, stack(0x00000054aab00000,0x00000054aac00000)]
  0x00000242e32b98e0 JavaThread "build event listener" [_thread_blocked, id=3984, stack(0x00000054a7b00000,0x00000054a7c00000)]
  0x00000242e32b7a80 JavaThread "Memory manager" [_thread_blocked, id=4372, stack(0x00000054aad00000,0x00000054aae00000)]
  0x00000242e32b93d0 JavaThread "Cache worker for Build Output Cleanup Cache (C:\Users\lab_services_student\Desktop\MAST PART 2\Part\android\.gradle\buildOutputCleanup)" [_thread_blocked, id=7752, stack(0x00000054aae00000,0x00000054aaf00000)]
  0x00000242e32b7570 JavaThread "included builds" [_thread_blocked, id=9900, stack(0x00000054aaf00000,0x00000054ab000000)]
  0x00000242e32ba300 JavaThread "Cache worker for execution history cache (C:\Users\lab_services_student\Desktop\MAST PART 2\Part\node_modules\react-native-gradle-plugin\.gradle\7.3.3\executionHistory)" [_thread_blocked, id=12460, stack(0x00000054ab300000,0x00000054ab400000)]
  0x00000242e32ba810 JavaThread "Unconstrained build operations Thread 34" [_thread_blocked, id=9252, stack(0x00000054ab400000,0x00000054ab500000)]
  0x00000242e57559b0 JavaThread "Unconstrained build operations Thread 35" [_thread_blocked, id=7932, stack(0x00000054ab500000,0x00000054ab600000)]
  0x00000242e5754f90 JavaThread "Unconstrained build operations Thread 36" [_thread_blocked, id=9068, stack(0x00000054ab600000,0x00000054ab700000)]
  0x00000242e5754060 JavaThread "Unconstrained build operations Thread 37" [_thread_blocked, id=7028, stack(0x00000054ab700000,0x00000054ab800000)]
  0x00000242e5755ec0 JavaThread "Unconstrained build operations Thread 38" [_thread_blocked, id=10372, stack(0x00000054ab800000,0x00000054ab900000)]
  0x00000242e5754a80 JavaThread "Unconstrained build operations Thread 39" [_thread_blocked, id=6308, stack(0x00000054ab900000,0x00000054aba00000)]
  0x00000242e5757810 JavaThread "Unconstrained build operations Thread 40" [_thread_blocked, id=6312, stack(0x00000054aba00000,0x00000054abb00000)]
  0x00000242e81a24b0 JavaThread "C2 CompilerThread1" daemon [_thread_blocked, id=13068, stack(0x00000054ab100000,0x00000054ab200000)]
  0x00000242e57568e0 JavaThread "Execution worker for ':'" [_thread_blocked, id=13092, stack(0x00000054abc00000,0x00000054abd00000)]
  0x00000242e5756df0 JavaThread "Execution worker for ':' Thread 2" [_thread_blocked, id=11860, stack(0x00000054abd00000,0x00000054abe00000)]
  0x00000242e5757300 JavaThread "Execution worker for ':' Thread 3" [_thread_blocked, id=8480, stack(0x00000054abe00000,0x00000054abf00000)]
  0x00000242e32b7f90 JavaThread "Cache worker for execution history cache (C:\Users\lab_services_student\Desktop\MAST PART 2\Part\android\.gradle\7.3.3\executionHistory)" [_thread_blocked, id=10800, stack(0x00000054abf00000,0x00000054ac000000)]

Other Threads:
  0x00000242c2073510 VMThread "VM Thread" [stack: 0x00000054a5e00000,0x00000054a5f00000] [id=8988]
  0x00000242c22d25a0 WatcherThread [stack: 0x00000054a6a00000,0x00000054a6b00000] [id=4328]
  0x00000242a44da950 GCTaskThread "GC Thread#0" [stack: 0x00000054a5900000,0x00000054a5a00000] [id=11396]
  0x00000242c289bcd0 GCTaskThread "GC Thread#1" [stack: 0x00000054a6c00000,0x00000054a6d00000] [id=11528]
  0x00000242c268bb00 GCTaskThread "GC Thread#2" [stack: 0x00000054a6d00000,0x00000054a6e00000] [id=7732]
  0x00000242c2bab2d0 GCTaskThread "GC Thread#3" [stack: 0x00000054a6e00000,0x00000054a6f00000] [id=13248]
  0x00000242a44ec8b0 ConcurrentGCThread "G1 Main Marker" [stack: 0x00000054a5a00000,0x00000054a5b00000] [id=12800]
  0x00000242a44ed2c0 ConcurrentGCThread "G1 Conc#0" [stack: 0x00000054a5b00000,0x00000054a5c00000] [id=12008]
  0x00000242a453e7a0 ConcurrentGCThread "G1 Refine#0" [stack: 0x00000054a5c00000,0x00000054a5d00000] [id=13028]
  0x00000242e5ccb8f0 ConcurrentGCThread "G1 Refine#1" [stack: 0x00000054abb00000,0x00000054abc00000] [id=12172]
  0x00000242c1f2c7a0 ConcurrentGCThread "G1 Service" [stack: 0x00000054a5d00000,0x00000054a5e00000] [id=10752]

Threads with active compile tasks:
C2 CompilerThread0    45042 14220   !   4       org.gradle.cache.internal.DefaultMultiProcessSafePersistentIndexedCache::getIfPresent (25 bytes)
C2 CompilerThread1    45042 14287       4       com.google.common.collect.ImmutableMultimap$1::hasNext (30 bytes)

VM state: at safepoint (normal execution)

VM Mutex/Monitor currently owned by a thread:  ([mutex/lock_event])
[0x00000242a447c460] Threads_lock - owner thread: 0x00000242c2073510
[0x00000242a447c970] Heap_lock - owner thread: 0x00000242e3323660

Heap address: 0x0000000080000000, size: 2048 MB, Compressed Oops mode: 32-bit

CDS archive(s) mapped at: [0x00000242c3000000-0x00000242c3bd0000-0x00000242c3bd0000), size 12386304, SharedBaseAddress: 0x00000242c3000000, ArchiveRelocationMode: 1.
Compressed class space mapped at: 0x00000242c4000000-0x00000242de000000, reserved size: 436207616
Narrow klass base: 0x00000242c3000000, Narrow klass shift: 0, Narrow klass range: 0x100000000

GC Precious Log:
 CPUs: 4 total, 4 available
 Memory: 16382M
 Large Page Support: Disabled
 NUMA Support: Disabled
 Compressed Oops: Enabled (32-bit)
 Heap Region Size: 1M
 Heap Min Capacity: 8M
 Heap Initial Capacity: 256M
 Heap Max Capacity: 2G
 Pre-touch: Disabled
 Parallel Workers: 4
 Concurrent Workers: 1
 Concurrent Refinement Workers: 4
 Periodic GC: Disabled

Heap:
 garbage-first heap   total 234496K, used 201754K [0x0000000080000000, 0x0000000100000000)
  region size 1024K, 4 young (4096K), 4 survivors (4096K)
 Metaspace       used 98499K, committed 99456K, reserved 557056K
  class space    used 13395K, committed 13824K, reserved 425984K

Heap Regions: E=young(eden), S=young(survivor), O=old, HS=humongous(starts), HC=humongous(continues), CS=collection set, F=free, OA=open archive, CA=closed archive, TAMS=top-at-mark-start (previous, next)
|   0|0x0000000080000000, 0x0000000080100000, 0x0000000080100000|100%|HS|  |TAMS 0x0000000080100000, 0x0000000080000000| Complete 
|   1|0x0000000080100000, 0x0000000080200000, 0x0000000080200000|100%|HC|  |TAMS 0x0000000080200000, 0x0000000080100000| Complete 
|   2|0x0000000080200000, 0x0000000080300000, 0x0000000080300000|100%|HC|  |TAMS 0x0000000080300000, 0x0000000080200000| Complete 
|   3|0x0000000080300000, 0x0000000080400000, 0x0000000080400000|100%| O|  |TAMS 0x0000000080400000, 0x0000000080300000| Untracked 
|   4|0x0000000080400000, 0x0000000080500000, 0x0000000080500000|100%| O|  |TAMS 0x0000000080500000, 0x0000000080400000| Untracked 
|   5|0x0000000080500000, 0x0000000080600000, 0x0000000080600000|100%| O|  |TAMS 0x0000000080600000, 0x0000000080500000| Untracked 
|   6|0x0000000080600000, 0x0000000080700000, 0x0000000080700000|100%| O|  |TAMS 0x0000000080700000, 0x0000000080600000| Untracked 
|   7|0x0000000080700000, 0x0000000080800000, 0x0000000080800000|100%| O|  |TAMS 0x0000000080800000, 0x0000000080700000| Untracked 
|   8|0x0000000080800000, 0x0000000080900000, 0x0000000080900000|100%| O|  |TAMS 0x0000000080900000, 0x0000000080800000| Untracked 
|   9|0x0000000080900000, 0x0000000080a00000, 0x0000000080a00000|100%| O|  |TAMS 0x0000000080a00000, 0x0000000080900000| Untracked 
|  10|0x0000000080a00000, 0x0000000080b00000, 0x0000000080b00000|100%| O|  |TAMS 0x0000000080b00000, 0x0000000080a00000| Untracked 
|  11|0x0000000080b00000, 0x0000000080c00000, 0x0000000080c00000|100%| O|  |TAMS 0x0000000080c00000, 0x0000000080b00000| Untracked 
|  12|0x0000000080c00000, 0x0000000080d00000, 0x0000000080d00000|100%| O|  |TAMS 0x0000000080d00000, 0x0000000080c00000| Untracked 
|  13|0x0000000080d00000, 0x0000000080e00000, 0x0000000080e00000|100%| O|  |TAMS 0x0000000080e00000, 0x0000000080d00000| Untracked 
|  14|0x0000000080e00000, 0x0000000080f00000, 0x0000000080f00000|100%| O|  |TAMS 0x0000000080f00000, 0x0000000080e00000| Untracked 
|  15|0x0000000080f00000, 0x0000000081000000, 0x0000000081000000|100%| O|  |TAMS 0x0000000081000000, 0x0000000080f00000| Untracked 
|  16|0x0000000081000000, 0x0000000081100000, 0x0000000081100000|100%| O|  |TAMS 0x0000000081100000, 0x0000000081000000| Untracked 
|  17|0x0000000081100000, 0x0000000081200000, 0x0000000081200000|100%| O|  |TAMS 0x0000000081200000, 0x0000000081100000| Untracked 
|  18|0x0000000081200000, 0x0000000081300000, 0x0000000081300000|100%| O|  |TAMS 0x0000000081300000, 0x0000000081200000| Untracked 
|  19|0x0000000081300000, 0x0000000081400000, 0x0000000081400000|100%| O|  |TAMS 0x0000000081400000, 0x0000000081300000| Untracked 
|  20|0x0000000081400000, 0x0000000081500000, 0x0000000081500000|100%| O|  |TAMS 0x0000000081500000, 0x0000000081400000| Untracked 
|  21|0x0000000081500000, 0x0000000081600000, 0x0000000081600000|100%| O|  |TAMS 0x0000000081600000, 0x0000000081500000| Untracked 
|  22|0x0000000081600000, 0x0000000081700000, 0x0000000081700000|100%| O|  |TAMS 0x0000000081700000, 0x0000000081600000| Untracked 
|  23|0x0000000081700000, 0x0000000081800000, 0x0000000081800000|100%| O|  |TAMS 0x0000000081800000, 0x0000000081700000| Untracked 
|  24|0x0000000081800000, 0x0000000081900000, 0x0000000081900000|100%| O|  |TAMS 0x0000000081900000, 0x0000000081800000| Untracked 
|  25|0x0000000081900000, 0x0000000081a00000, 0x0000000081a00000|100%| O|  |TAMS 0x0000000081a00000, 0x0000000081900000| Untracked 
|  26|0x0000000081a00000, 0x0000000081b00000, 0x0000000081b00000|100%| O|  |TAMS 0x0000000081b00000, 0x0000000081a00000| Untracked 
|  27|0x0000000081b00000, 0x0000000081c00000, 0x0000000081c00000|100%| O|  |TAMS 0x0000000081c00000, 0x0000000081b00000| Untracked 
|  28|0x0000000081c00000, 0x0000000081d00000, 0x0000000081d00000|100%|HS|  |TAMS 0x0000000081d00000, 0x0000000081c00000| Complete 
|  29|0x0000000081d00000, 0x0000000081e00000, 0x0000000081e00000|100%|HS|  |TAMS 0x0000000081e00000, 0x0000000081d00000| Complete 
|  30|0x0000000081e00000, 0x0000000081f00000, 0x0000000081f00000|100%|HC|  |TAMS 0x0000000081f00000, 0x0000000081e00000| Complete 
|  31|0x0000000081f00000, 0x0000000082000000, 0x0000000082000000|100%|HC|  |TAMS 0x0000000082000000, 0x0000000081f00000| Complete 
|  32|0x0000000082000000, 0x0000000082100000, 0x0000000082100000|100%| O|  |TAMS 0x0000000082100000, 0x0000000082000000| Untracked 
|  33|0x0000000082100000, 0x0000000082200000, 0x0000000082200000|100%| O|  |TAMS 0x0000000082200000, 0x0000000082100000| Untracked 
|  34|0x0000000082200000, 0x0000000082300000, 0x0000000082300000|100%| O|  |TAMS 0x0000000082300000, 0x0000000082200000| Untracked 
|  35|0x0000000082300000, 0x0000000082400000, 0x0000000082400000|100%| O|  |TAMS 0x0000000082400000, 0x0000000082300000| Untracked 
|  36|0x0000000082400000, 0x0000000082500000, 0x0000000082500000|100%| O|  |TAMS 0x0000000082500000, 0x0000000082400000| Untracked 
|  37|0x0000000082500000, 0x0000000082600000, 0x0000000082600000|100%| O|  |TAMS 0x0000000082600000, 0x0000000082500000| Untracked 
|  38|0x0000000082600000, 0x0000000082700000, 0x0000000082700000|100%| O|  |TAMS 0x0000000082700000, 0x0000000082600000| Untracked 
|  39|0x0000000082700000, 0x0000000082800000, 0x0000000082800000|100%| O|  |TAMS 0x0000000082800000, 0x0000000082700000| Untracked 
|  40|0x0000000082800000, 0x0000000082900000, 0x0000000082900000|100%| O|  |TAMS 0x0000000082900000, 0x0000000082800000| Untracked 
|  41|0x0000000082900000, 0x0000000082a00000, 0x0000000082a00000|100%| O|  |TAMS 0x0000000082a00000, 0x0000000082900000| Untracked 
|  42|0x0000000082a00000, 0x0000000082b00000, 0x0000000082b00000|100%|HS|  |TAMS 0x0000000082b00000, 0x0000000082a00000| Complete 
|  43|0x0000000082b00000, 0x0000000082c00000, 0x0000000082c00000|100%|HS|  |TAMS 0x0000000082c00000, 0x0000000082b00000| Complete 
|  44|0x0000000082c00000, 0x0000000082d00000, 0x0000000082d00000|100%|HS|  |TAMS 0x0000000082d00000, 0x0000000082c00000| Complete 
|  45|0x0000000082d00000, 0x0000000082e00000, 0x0000000082e00000|100%|HC|  |TAMS 0x0000000082e00000, 0x0000000082d00000| Complete 
|  46|0x0000000082e00000, 0x0000000082f00000, 0x0000000082f00000|100%| O|  |TAMS 0x0000000082f00000, 0x0000000082e00000| Untracked 
|  47|0x0000000082f00000, 0x0000000083000000, 0x0000000083000000|100%| O|  |TAMS 0x0000000083000000, 0x0000000082f00000| Untracked 
|  48|0x0000000083000000, 0x0000000083100000, 0x0000000083100000|100%| O|  |TAMS 0x0000000083100000, 0x0000000083000000| Untracked 
|  49|0x0000000083100000, 0x0000000083200000, 0x0000000083200000|100%| O|  |TAMS 0x0000000083200000, 0x0000000083100000| Untracked 
|  50|0x0000000083200000, 0x0000000083300000, 0x0000000083300000|100%| O|  |TAMS 0x0000000083300000, 0x0000000083200000| Untracked 
|  51|0x0000000083300000, 0x0000000083400000, 0x0000000083400000|100%| O|  |TAMS 0x0000000083400000, 0x0000000083300000| Untracked 
|  52|0x0000000083400000, 0x0000000083500000, 0x0000000083500000|100%| O|  |TAMS 0x0000000083500000, 0x0000000083400000| Untracked 
|  53|0x0000000083500000, 0x0000000083600000, 0x0000000083600000|100%| O|  |TAMS 0x0000000083600000, 0x0000000083500000| Untracked 
|  54|0x0000000083600000, 0x0000000083700000, 0x0000000083700000|100%| O|  |TAMS 0x0000000083700000, 0x0000000083600000| Untracked 
|  55|0x0000000083700000, 0x0000000083800000, 0x0000000083800000|100%| O|  |TAMS 0x0000000083800000, 0x0000000083700000| Untracked 
|  56|0x0000000083800000, 0x0000000083900000, 0x0000000083900000|100%| O|  |TAMS 0x0000000083900000, 0x0000000083800000| Untracked 
|  57|0x0000000083900000, 0x0000000083a00000, 0x0000000083a00000|100%| O|  |TAMS 0x0000000083a00000, 0x0000000083900000| Untracked 
|  58|0x0000000083a00000, 0x0000000083b00000, 0x0000000083b00000|100%| O|  |TAMS 0x0000000083b00000, 0x0000000083a00000| Untracked 
|  59|0x0000000083b00000, 0x0000000083c00000, 0x0000000083c00000|100%| O|  |TAMS 0x0000000083c00000, 0x0000000083b00000| Untracked 
|  60|0x0000000083c00000, 0x0000000083d00000, 0x0000000083d00000|100%| O|  |TAMS 0x0000000083d00000, 0x0000000083c00000| Untracked 
|  61|0x0000000083d00000, 0x0000000083e00000, 0x0000000083e00000|100%| O|  |TAMS 0x0000000083e00000, 0x0000000083d00000| Untracked 
|  62|0x0000000083e00000, 0x0000000083f00000, 0x0000000083f00000|100%| O|  |TAMS 0x0000000083e00000, 0x0000000083e00000| Untracked 
|  63|0x0000000083f00000, 0x0000000084000000, 0x0000000084000000|100%| O|  |TAMS 0x0000000084000000, 0x0000000083f00000| Untracked 
|  64|0x0000000084000000, 0x0000000084100000, 0x0000000084100000|100%| O|  |TAMS 0x0000000084100000, 0x0000000084000000| Untracked 
|  65|0x0000000084100000, 0x0000000084200000, 0x0000000084200000|100%| O|  |TAMS 0x0000000084200000, 0x0000000084100000| Untracked 
|  66|0x0000000084200000, 0x0000000084300000, 0x0000000084300000|100%| O|  |TAMS 0x0000000084300000, 0x0000000084200000| Untracked 
|  67|0x0000000084300000, 0x0000000084400000, 0x0000000084400000|100%| O|  |TAMS 0x0000000084400000, 0x0000000084300000| Untracked 
|  68|0x0000000084400000, 0x0000000084500000, 0x0000000084500000|100%| O|  |TAMS 0x0000000084500000, 0x0000000084400000| Untracked 
|  69|0x0000000084500000, 0x0000000084600000, 0x0000000084600000|100%| O|  |TAMS 0x0000000084600000, 0x0000000084500000| Untracked 
|  70|0x0000000084600000, 0x0000000084700000, 0x0000000084700000|100%| O|  |TAMS 0x0000000084700000, 0x0000000084600000| Untracked 
|  71|0x0000000084700000, 0x0000000084800000, 0x0000000084800000|100%| O|  |TAMS 0x0000000084800000, 0x0000000084700000| Untracked 
|  72|0x0000000084800000, 0x0000000084900000, 0x0000000084900000|100%| O|  |TAMS 0x0000000084900000, 0x0000000084800000| Untracked 
|  73|0x0000000084900000, 0x0000000084a00000, 0x0000000084a00000|100%| O|  |TAMS 0x0000000084a00000, 0x0000000084900000| Untracked 
|  74|0x0000000084a00000, 0x0000000084b00000, 0x0000000084b00000|100%| O|  |TAMS 0x0000000084b00000, 0x0000000084a00000| Untracked 
|  75|0x0000000084b00000, 0x0000000084c00000, 0x0000000084c00000|100%|HS|  |TAMS 0x0000000084c00000, 0x0000000084b00000| Complete 
|  76|0x0000000084c00000, 0x0000000084d00000, 0x0000000084d00000|100%|HS|  |TAMS 0x0000000084d00000, 0x0000000084c00000| Complete 
|  77|0x0000000084d00000, 0x0000000084e00000, 0x0000000084e00000|100%|HS|  |TAMS 0x0000000084e00000, 0x0000000084d00000| Complete 
|  78|0x0000000084e00000, 0x0000000084f00000, 0x0000000084f00000|100%|HS|  |TAMS 0x0000000084f00000, 0x0000000084e00000| Complete 
|  79|0x0000000084f00000, 0x0000000085000000, 0x0000000085000000|100%|HS|  |TAMS 0x0000000085000000, 0x0000000084f00000| Complete 
|  80|0x0000000085000000, 0x0000000085100000, 0x0000000085100000|100%|HS|  |TAMS 0x0000000085100000, 0x0000000085000000| Complete 
|  81|0x0000000085100000, 0x0000000085200000, 0x0000000085200000|100%|HC|  |TAMS 0x0000000085200000, 0x0000000085100000| Complete 
|  82|0x0000000085200000, 0x0000000085300000, 0x0000000085300000|100%|HC|  |TAMS 0x0000000085300000, 0x0000000085200000| Complete 
|  83|0x0000000085300000, 0x0000000085400000, 0x0000000085400000|100%|HS|  |TAMS 0x0000000085400000, 0x0000000085300000| Complete 
|  84|0x0000000085400000, 0x0000000085500000, 0x0000000085500000|100%| O|  |TAMS 0x0000000085500000, 0x0000000085400000| Untracked 
|  85|0x0000000085500000, 0x0000000085600000, 0x0000000085600000|100%| O|  |TAMS 0x0000000085600000, 0x0000000085500000| Untracked 
|  86|0x0000000085600000, 0x0000000085700000, 0x0000000085700000|100%| O|  |TAMS 0x0000000085700000, 0x0000000085600000| Untracked 
|  87|0x0000000085700000, 0x0000000085800000, 0x0000000085800000|100%| O|  |TAMS 0x0000000085800000, 0x0000000085700000| Untracked 
|  88|0x0000000085800000, 0x0000000085900000, 0x0000000085900000|100%| O|  |TAMS 0x0000000085900000, 0x0000000085800000| Untracked 
|  89|0x0000000085900000, 0x0000000085a00000, 0x0000000085a00000|100%| O|  |TAMS 0x0000000085a00000, 0x0000000085900000| Untracked 
|  90|0x0000000085a00000, 0x0000000085b00000, 0x0000000085b00000|100%| O|  |TAMS 0x0000000085b00000, 0x0000000085a00000| Untracked 
|  91|0x0000000085b00000, 0x0000000085c00000, 0x0000000085c00000|100%| O|  |TAMS 0x0000000085c00000, 0x0000000085b00000| Untracked 
|  92|0x0000000085c00000, 0x0000000085d00000, 0x0000000085d00000|100%| O|  |TAMS 0x0000000085d00000, 0x0000000085c00000| Untracked 
|  93|0x0000000085d00000, 0x0000000085e00000, 0x0000000085e00000|100%|HS|  |TAMS 0x0000000085e00000, 0x0000000085d00000| Complete 
|  94|0x0000000085e00000, 0x0000000085f00000, 0x0000000085f00000|100%|HC|  |TAMS 0x0000000085f00000, 0x0000000085e00000| Complete 
|  95|0x0000000085f00000, 0x0000000086000000, 0x0000000086000000|100%| O|  |TAMS 0x0000000086000000, 0x0000000085f00000| Untracked 
|  96|0x0000000086000000, 0x0000000086100000, 0x0000000086100000|100%| O|  |TAMS 0x0000000086100000, 0x0000000086000000| Untracked 
|  97|0x0000000086100000, 0x0000000086200000, 0x0000000086200000|100%| O|  |TAMS 0x0000000086200000, 0x0000000086100000| Untracked 
|  98|0x0000000086200000, 0x0000000086300000, 0x0000000086300000|100%| O|  |TAMS 0x0000000086300000, 0x0000000086200000| Untracked 
|  99|0x0000000086300000, 0x0000000086400000, 0x0000000086400000|100%| O|  |TAMS 0x0000000086400000, 0x0000000086300000| Untracked 
| 100|0x0000000086400000, 0x0000000086500000, 0x0000000086500000|100%| O|  |TAMS 0x0000000086500000, 0x0000000086400000| Untracked 
| 101|0x0000000086500000, 0x0000000086600000, 0x0000000086600000|100%| O|  |TAMS 0x0000000086600000, 0x0000000086500000| Untracked 
| 102|0x0000000086600000, 0x0000000086700000, 0x0000000086700000|100%| O|  |TAMS 0x0000000086700000, 0x0000000086600000| Untracked 
| 103|0x0000000086700000, 0x0000000086800000, 0x0000000086800000|100%| O|  |TAMS 0x0000000086800000, 0x0000000086700000| Untracked 
| 104|0x0000000086800000, 0x0000000086900000, 0x0000000086900000|100%| O|  |TAMS 0x0000000086900000, 0x0000000086800000| Untracked 
| 105|0x0000000086900000, 0x0000000086a00000, 0x0000000086a00000|100%| O|  |TAMS 0x0000000086a00000, 0x0000000086900000| Untracked 
| 106|0x0000000086a00000, 0x0000000086b00000, 0x0000000086b00000|100%| O|  |TAMS 0x0000000086b00000, 0x0000000086a00000| Untracked 
| 107|0x0000000086b00000, 0x0000000086c00000, 0x0000000086c00000|100%| O|  |TAMS 0x0000000086c00000, 0x0000000086b00000| Untracked 
| 108|0x0000000086c00000, 0x0000000086d00000, 0x0000000086d00000|100%|HS|  |TAMS 0x0000000086d00000, 0x0000000086c00000| Complete 
| 109|0x0000000086d00000, 0x0000000086e00000, 0x0000000086e00000|100%|HC|  |TAMS 0x0000000086e00000, 0x0000000086d00000| Complete 
| 110|0x0000000086e00000, 0x0000000086f00000, 0x0000000086f00000|100%|HC|  |TAMS 0x0000000086f00000, 0x0000000086e00000| Complete 
| 111|0x0000000086f00000, 0x0000000087000000, 0x0000000087000000|100%|HC|  |TAMS 0x0000000087000000, 0x0000000086f00000| Complete 
| 112|0x0000000087000000, 0x0000000087100000, 0x0000000087100000|100%| O|  |TAMS 0x0000000087100000, 0x0000000087000000| Untracked 
| 113|0x0000000087100000, 0x0000000087200000, 0x0000000087200000|100%| O|  |TAMS 0x0000000087200000, 0x0000000087100000| Untracked 
| 114|0x0000000087200000, 0x0000000087300000, 0x0000000087300000|100%| O|  |TAMS 0x0000000087300000, 0x0000000087200000| Untracked 
| 115|0x0000000087300000, 0x0000000087400000, 0x0000000087400000|100%| O|  |TAMS 0x0000000087300000, 0x0000000087300000| Untracked 
| 116|0x0000000087400000, 0x0000000087500000, 0x0000000087500000|100%| O|  |TAMS 0x0000000087500000, 0x0000000087400000| Untracked 
| 117|0x0000000087500000, 0x0000000087600000, 0x0000000087600000|100%| O|  |TAMS 0x0000000087600000, 0x0000000087500000| Untracked 
| 118|0x0000000087600000, 0x0000000087700000, 0x0000000087700000|100%| O|  |TAMS 0x0000000087700000, 0x0000000087600000| Untracked 
| 119|0x0000000087700000, 0x0000000087800000, 0x0000000087800000|100%| O|  |TAMS 0x0000000087800000, 0x0000000087700000| Untracked 
| 120|0x0000000087800000, 0x0000000087900000, 0x0000000087900000|100%| O|  |TAMS 0x0000000087900000, 0x0000000087800000| Untracked 
| 121|0x0000000087900000, 0x0000000087a00000, 0x0000000087a00000|100%| O|  |TAMS 0x0000000087a00000, 0x0000000087900000| Untracked 
| 122|0x0000000087a00000, 0x0000000087b00000, 0x0000000087b00000|100%| O|  |TAMS 0x0000000087b00000, 0x0000000087a00000| Untracked 
| 123|0x0000000087b00000, 0x0000000087c00000, 0x0000000087c00000|100%| O|  |TAMS 0x0000000087c00000, 0x0000000087b00000| Untracked 
| 124|0x0000000087c00000, 0x0000000087d00000, 0x0000000087d00000|100%| O|  |TAMS 0x0000000087c33800, 0x0000000087c00000| Untracked 
| 125|0x0000000087d00000, 0x0000000087e00000, 0x0000000087e00000|100%| O|  |TAMS 0x0000000087d00000, 0x0000000087d00000| Untracked 
| 126|0x0000000087e00000, 0x0000000087f00000, 0x0000000087f00000|100%| O|  |TAMS 0x0000000087e00000, 0x0000000087e00000| Untracked 
| 127|0x0000000087f00000, 0x0000000088000000, 0x0000000088000000|100%| O|  |TAMS 0x0000000087f00000, 0x0000000087f00000| Untracked 
| 128|0x0000000088000000, 0x0000000088100000, 0x0000000088100000|100%| O|  |TAMS 0x0000000088000000, 0x0000000088000000| Untracked 
| 129|0x0000000088100000, 0x0000000088200000, 0x0000000088200000|100%| O|  |TAMS 0x0000000088100000, 0x0000000088100000| Untracked 
| 130|0x0000000088200000, 0x0000000088300000, 0x0000000088300000|100%| O|  |TAMS 0x0000000088200000, 0x0000000088200000| Untracked 
| 131|0x0000000088300000, 0x0000000088400000, 0x0000000088400000|100%| O|  |TAMS 0x0000000088300000, 0x0000000088300000| Untracked 
| 132|0x0000000088400000, 0x0000000088500000, 0x0000000088500000|100%| O|  |TAMS 0x0000000088400000, 0x0000000088400000| Untracked 
| 133|0x0000000088500000, 0x0000000088600000, 0x0000000088600000|100%| O|  |TAMS 0x0000000088500000, 0x0000000088500000| Untracked 
| 134|0x0000000088600000, 0x0000000088700000, 0x0000000088700000|100%| O|  |TAMS 0x0000000088600000, 0x0000000088600000| Untracked 
| 135|0x0000000088700000, 0x0000000088800000, 0x0000000088800000|100%| O|  |TAMS 0x0000000088700000, 0x0000000088700000| Untracked 
| 136|0x0000000088800000, 0x0000000088900000, 0x0000000088900000|100%| O|  |TAMS 0x0000000088800000, 0x0000000088800000| Untracked 
| 137|0x0000000088900000, 0x0000000088a00000, 0x0000000088a00000|100%| O|  |TAMS 0x0000000088900000, 0x0000000088900000| Untracked 
| 138|0x0000000088a00000, 0x0000000088b00000, 0x0000000088b00000|100%| O|  |TAMS 0x0000000088a00000, 0x0000000088a00000| Untracked 
| 139|0x0000000088b00000, 0x0000000088c00000, 0x0000000088c00000|100%| O|  |TAMS 0x0000000088b00000, 0x0000000088b00000| Untracked 
| 140|0x0000000088c00000, 0x0000000088d00000, 0x0000000088d00000|100%| O|  |TAMS 0x0000000088c00000, 0x0000000088c00000| Untracked 
| 141|0x0000000088d00000, 0x0000000088e00000, 0x0000000088e00000|100%| O|  |TAMS 0x0000000088d00000, 0x0000000088d00000| Untracked 
| 142|0x0000000088e00000, 0x0000000088e34a00, 0x0000000088f00000| 20%| O|  |TAMS 0x0000000088e00000, 0x0000000088e00000| Untracked 
| 143|0x0000000088f00000, 0x0000000088f00000, 0x0000000089000000|  0%| F|  |TAMS 0x0000000088f00000, 0x0000000088f00000| Untracked 
| 144|0x0000000089000000, 0x0000000089000000, 0x0000000089100000|  0%| F|  |TAMS 0x0000000089000000, 0x0000000089000000| Untracked 
| 145|0x0000000089100000, 0x0000000089100000, 0x0000000089200000|  0%| F|  |TAMS 0x0000000089100000, 0x0000000089100000| Untracked 
| 146|0x0000000089200000, 0x0000000089200000, 0x0000000089300000|  0%| F|  |TAMS 0x0000000089200000, 0x0000000089200000| Untracked 
| 147|0x0000000089300000, 0x0000000089300000, 0x0000000089400000|  0%| F|  |TAMS 0x0000000089300000, 0x0000000089300000| Untracked 
| 148|0x0000000089400000, 0x0000000089400000, 0x0000000089500000|  0%| F|  |TAMS 0x0000000089400000, 0x0000000089400000| Untracked 
| 149|0x0000000089500000, 0x0000000089500000, 0x0000000089600000|  0%| F|  |TAMS 0x0000000089500000, 0x0000000089500000| Untracked 
| 150|0x0000000089600000, 0x0000000089600000, 0x0000000089700000|  0%| F|  |TAMS 0x0000000089600000, 0x0000000089600000| Untracked 
| 151|0x0000000089700000, 0x0000000089700000, 0x0000000089800000|  0%| F|  |TAMS 0x0000000089700000, 0x0000000089700000| Untracked 
| 152|0x0000000089800000, 0x0000000089800000, 0x0000000089900000|  0%| F|  |TAMS 0x0000000089800000, 0x0000000089800000| Untracked 
| 153|0x0000000089900000, 0x0000000089900000, 0x0000000089a00000|  0%| F|  |TAMS 0x0000000089900000, 0x0000000089900000| Untracked 
| 154|0x0000000089a00000, 0x0000000089a00000, 0x0000000089b00000|  0%| F|  |TAMS 0x0000000089a00000, 0x0000000089a00000| Untracked 
| 155|0x0000000089b00000, 0x0000000089b00000, 0x0000000089c00000|  0%| F|  |TAMS 0x0000000089b00000, 0x0000000089b00000| Untracked 
| 156|0x0000000089c00000, 0x0000000089c00000, 0x0000000089d00000|  0%| F|  |TAMS 0x0000000089c00000, 0x0000000089c00000| Untracked 
| 157|0x0000000089d00000, 0x0000000089d00000, 0x0000000089e00000|  0%| F|  |TAMS 0x0000000089d00000, 0x0000000089d00000| Untracked 
| 158|0x0000000089e00000, 0x0000000089e00000, 0x0000000089f00000|  0%| F|  |TAMS 0x0000000089e00000, 0x0000000089e00000| Untracked 
| 159|0x0000000089f00000, 0x0000000089f00000, 0x000000008a000000|  0%| F|  |TAMS 0x0000000089f00000, 0x0000000089f00000| Untracked 
| 160|0x000000008a000000, 0x000000008a000000, 0x000000008a100000|  0%| F|  |TAMS 0x000000008a000000, 0x000000008a000000| Untracked 
| 161|0x000000008a100000, 0x000000008a100000, 0x000000008a200000|  0%| F|  |TAMS 0x000000008a100000, 0x000000008a100000| Untracked 
| 162|0x000000008a200000, 0x000000008a200000, 0x000000008a300000|  0%| F|  |TAMS 0x000000008a200000, 0x000000008a200000| Untracked 
| 163|0x000000008a300000, 0x000000008a300000, 0x000000008a400000|  0%| F|  |TAMS 0x000000008a300000, 0x000000008a300000| Untracked 
| 164|0x000000008a400000, 0x000000008a400000, 0x000000008a500000|  0%| F|  |TAMS 0x000000008a400000, 0x000000008a400000| Untracked 
| 165|0x000000008a500000, 0x000000008a500000, 0x000000008a600000|  0%| F|  |TAMS 0x000000008a500000, 0x000000008a500000| Untracked 
| 166|0x000000008a600000, 0x000000008a600000, 0x000000008a700000|  0%| F|  |TAMS 0x000000008a600000, 0x000000008a600000| Untracked 
| 167|0x000000008a700000, 0x000000008a700000, 0x000000008a800000|  0%| F|  |TAMS 0x000000008a700000, 0x000000008a700000| Untracked 
| 168|0x000000008a800000, 0x000000008a800000, 0x000000008a900000|  0%| F|  |TAMS 0x000000008a800000, 0x000000008a800000| Untracked 
| 169|0x000000008a900000, 0x000000008a900000, 0x000000008aa00000|  0%| F|  |TAMS 0x000000008a900000, 0x000000008a900000| Untracked 
| 170|0x000000008aa00000, 0x000000008aa00000, 0x000000008ab00000|  0%| F|  |TAMS 0x000000008aa00000, 0x000000008aa00000| Untracked 
| 171|0x000000008ab00000, 0x000000008ab00000, 0x000000008ac00000|  0%| F|  |TAMS 0x000000008ab00000, 0x000000008ab00000| Untracked 
| 172|0x000000008ac00000, 0x000000008ac00000, 0x000000008ad00000|  0%| F|  |TAMS 0x000000008ac00000, 0x000000008ac00000| Untracked 
| 173|0x000000008ad00000, 0x000000008ad00000, 0x000000008ae00000|  0%| F|  |TAMS 0x000000008ad00000, 0x000000008ad00000| Untracked 
| 174|0x000000008ae00000, 0x000000008ae00000, 0x000000008af00000|  0%| F|  |TAMS 0x000000008ae00000, 0x000000008ae00000| Untracked 
| 175|0x000000008af00000, 0x000000008af9b5a8, 0x000000008b000000| 60%| S|CS|TAMS 0x000000008af00000, 0x000000008af00000| Complete 
| 176|0x000000008b000000, 0x000000008b000000, 0x000000008b100000|  0%| F|  |TAMS 0x000000008b000000, 0x000000008b000000| Untracked 
| 177|0x000000008b100000, 0x000000008b100000, 0x000000008b200000|  0%| F|  |TAMS 0x000000008b100000, 0x000000008b100000| Untracked 
| 178|0x000000008b200000, 0x000000008b200000, 0x000000008b300000|  0%| F|  |TAMS 0x000000008b200000, 0x000000008b200000| Untracked 
| 179|0x000000008b300000, 0x000000008b400000, 0x000000008b400000|100%| S|CS|TAMS 0x000000008b300000, 0x000000008b300000| Complete 
| 180|0x000000008b400000, 0x000000008b500000, 0x000000008b500000|100%| S|CS|TAMS 0x000000008b400000, 0x000000008b400000| Complete 
| 181|0x000000008b500000, 0x000000008b600000, 0x000000008b600000|100%| S|CS|TAMS 0x000000008b500000, 0x000000008b500000| Complete 
| 182|0x000000008b600000, 0x000000008b600000, 0x000000008b700000|  0%| F|  |TAMS 0x000000008b600000, 0x000000008b600000| Untracked 
| 183|0x000000008b700000, 0x000000008b700000, 0x000000008b800000|  0%| F|  |TAMS 0x000000008b700000, 0x000000008b700000| Untracked 
| 184|0x000000008b800000, 0x000000008b800000, 0x000000008b900000|  0%| F|  |TAMS 0x000000008b800000, 0x000000008b800000| Untracked 
| 185|0x000000008b900000, 0x000000008b900000, 0x000000008ba00000|  0%| F|  |TAMS 0x000000008b900000, 0x000000008b900000| Untracked 
| 186|0x000000008ba00000, 0x000000008ba00000, 0x000000008bb00000|  0%| F|  |TAMS 0x000000008ba00000, 0x000000008ba00000| Untracked 
| 187|0x000000008bb00000, 0x000000008bb00000, 0x000000008bc00000|  0%| F|  |TAMS 0x000000008bb00000, 0x000000008bb00000| Untracked 
| 188|0x000000008bc00000, 0x000000008bc00000, 0x000000008bd00000|  0%| F|  |TAMS 0x000000008bc00000, 0x000000008bc00000| Untracked 
| 189|0x000000008bd00000, 0x000000008bd00000, 0x000000008be00000|  0%| F|  |TAMS 0x000000008bd00000, 0x000000008bd00000| Untracked 
| 190|0x000000008be00000, 0x000000008be00000, 0x000000008bf00000|  0%| F|  |TAMS 0x000000008be00000, 0x000000008be00000| Untracked 
| 191|0x000000008bf00000, 0x000000008bf00000, 0x000000008c000000|  0%| F|  |TAMS 0x000000008bf00000, 0x000000008bf00000| Untracked 
| 192|0x000000008c000000, 0x000000008c000000, 0x000000008c100000|  0%| F|  |TAMS 0x000000008c000000, 0x000000008c000000| Untracked 
| 193|0x000000008c100000, 0x000000008c100000, 0x000000008c200000|  0%| F|  |TAMS 0x000000008c100000, 0x000000008c100000| Untracked 
| 194|0x000000008c200000, 0x000000008c200000, 0x000000008c300000|  0%| F|  |TAMS 0x000000008c200000, 0x000000008c200000| Untracked 
| 195|0x000000008c300000, 0x000000008c300000, 0x000000008c400000|  0%| F|  |TAMS 0x000000008c300000, 0x000000008c300000| Untracked 
| 196|0x000000008c400000, 0x000000008c400000, 0x000000008c500000|  0%| F|  |TAMS 0x000000008c400000, 0x000000008c400000| Untracked 
| 197|0x000000008c500000, 0x000000008c500000, 0x000000008c600000|  0%| F|  |TAMS 0x000000008c500000, 0x000000008c500000| Untracked 
| 198|0x000000008c600000, 0x000000008c600000, 0x000000008c700000|  0%| F|  |TAMS 0x000000008c600000, 0x000000008c600000| Untracked 
| 199|0x000000008c700000, 0x000000008c700000, 0x000000008c800000|  0%| F|  |TAMS 0x000000008c700000, 0x000000008c700000| Untracked 
| 200|0x000000008c800000, 0x000000008c800000, 0x000000008c900000|  0%| F|  |TAMS 0x000000008c800000, 0x000000008c800000| Untracked 
| 201|0x000000008c900000, 0x000000008c900000, 0x000000008ca00000|  0%| F|  |TAMS 0x000000008c900000, 0x000000008c900000| Untracked 
| 202|0x000000008ca00000, 0x000000008ca00000, 0x000000008cb00000|  0%| F|  |TAMS 0x000000008ca00000, 0x000000008ca00000| Untracked 
| 203|0x000000008cb00000, 0x000000008cb00000, 0x000000008cc00000|  0%| F|  |TAMS 0x000000008cb00000, 0x000000008cb00000| Untracked 
| 204|0x000000008cc00000, 0x000000008cc00000, 0x000000008cd00000|  0%| F|  |TAMS 0x000000008cc00000, 0x000000008cc00000| Untracked 
| 205|0x000000008cd00000, 0x000000008cd00000, 0x000000008ce00000|  0%| F|  |TAMS 0x000000008cd00000, 0x000000008cd00000| Untracked 
| 206|0x000000008ce00000, 0x000000008ce00000, 0x000000008cf00000|  0%| F|  |TAMS 0x000000008ce00000, 0x000000008ce00000| Untracked 
| 207|0x000000008cf00000, 0x000000008cf00000, 0x000000008d000000|  0%| F|  |TAMS 0x000000008cf00000, 0x000000008cf00000| Untracked 
| 208|0x000000008d000000, 0x000000008d000000, 0x000000008d100000|  0%| F|  |TAMS 0x000000008d000000, 0x000000008d000000| Untracked 
| 209|0x000000008d100000, 0x000000008d100000, 0x000000008d200000|  0%| F|  |TAMS 0x000000008d100000, 0x000000008d100000| Untracked 
| 210|0x000000008d200000, 0x000000008d200000, 0x000000008d300000|  0%| F|  |TAMS 0x000000008d200000, 0x000000008d200000| Untracked 
| 211|0x000000008d300000, 0x000000008d300000, 0x000000008d400000|  0%| F|  |TAMS 0x000000008d300000, 0x000000008d300000| Untracked 
| 212|0x000000008d400000, 0x000000008d400000, 0x000000008d500000|  0%| F|  |TAMS 0x000000008d400000, 0x000000008d400000| Untracked 
| 213|0x000000008d500000, 0x000000008d500000, 0x000000008d600000|  0%| F|  |TAMS 0x000000008d500000, 0x000000008d500000| Untracked 
| 214|0x000000008d600000, 0x000000008d600000, 0x000000008d700000|  0%| F|  |TAMS 0x000000008d600000, 0x000000008d600000| Untracked 
| 215|0x000000008d700000, 0x000000008d700000, 0x000000008d800000|  0%| F|  |TAMS 0x000000008d700000, 0x000000008d700000| Untracked 
| 216|0x000000008d800000, 0x000000008d800000, 0x000000008d900000|  0%| F|  |TAMS 0x000000008d800000, 0x000000008d800000| Untracked 
| 217|0x000000008d900000, 0x000000008d900000, 0x000000008da00000|  0%| F|  |TAMS 0x000000008d900000, 0x000000008d900000| Untracked 
| 218|0x000000008da00000, 0x000000008da00000, 0x000000008db00000|  0%| F|  |TAMS 0x000000008da00000, 0x000000008da00000| Untracked 
| 219|0x000000008db00000, 0x000000008db00000, 0x000000008dc00000|  0%| F|  |TAMS 0x000000008db00000, 0x000000008db00000| Untracked 
| 220|0x000000008dc00000, 0x000000008dc00000, 0x000000008dd00000|  0%| F|  |TAMS 0x000000008dc00000, 0x000000008dc00000| Untracked 
| 221|0x000000008dd00000, 0x000000008dd00000, 0x000000008de00000|  0%| F|  |TAMS 0x000000008dd00000, 0x000000008dd00000| Untracked 
| 222|0x000000008de00000, 0x000000008de00000, 0x000000008df00000|  0%| F|  |TAMS 0x000000008de00000, 0x000000008de00000| Untracked 
| 223|0x000000008df00000, 0x000000008df00000, 0x000000008e000000|  0%| F|  |TAMS 0x000000008df00000, 0x000000008df00000| Untracked 
| 224|0x000000008e000000, 0x000000008e000000, 0x000000008e100000|  0%| F|  |TAMS 0x000000008e000000, 0x000000008e000000| Untracked 
| 225|0x000000008e100000, 0x000000008e100000, 0x000000008e200000|  0%| F|  |TAMS 0x000000008e100000, 0x000000008e100000| Untracked 
| 226|0x000000008e200000, 0x000000008e200000, 0x000000008e300000|  0%| F|  |TAMS 0x000000008e200000, 0x000000008e200000| Untracked 
| 227|0x000000008e300000, 0x000000008e300000, 0x000000008e400000|  0%| F|  |TAMS 0x000000008e300000, 0x000000008e300000| Untracked 
| 255|0x000000008ff00000, 0x000000008ffcc0c8, 0x0000000090000000| 79%| E|  |TAMS 0x000000008ff00000, 0x000000008ff00000| Complete 

Card table byte_map: [0x00000242bb380000,0x00000242bb780000] _byte_map_base: 0x00000242baf80000

Marking Bits (Prev, Next): (CMBitMap*) 0x00000242a44dafb0, (CMBitMap*) 0x00000242a44daf70
 Prev Bits: [0x00000242bdb80000, 0x00000242bfb80000)
 Next Bits: [0x00000242bbb80000, 0x00000242bdb80000)

Polling page: 0x00000242a2610000

Metaspace:

Usage:
  Non-class:     83.11 MB used.
      Class:     13.08 MB used.
       Both:     96.19 MB used.

Virtual space:
  Non-class space:      128.00 MB reserved,      83.62 MB ( 65%) committed,  2 nodes.
      Class space:      416.00 MB reserved,      13.50 MB (  3%) committed,  1 nodes.
             Both:      544.00 MB reserved,      97.12 MB ( 18%) committed. 

Chunk freelists:
   Non-Class:  12.01 MB
       Class:  2.38 MB
        Both:  14.38 MB

MaxMetaspaceSize: 512.00 MB
CompressedClassSpaceSize: 416.00 MB
Initial GC threshold: 21.00 MB
Current GC threshold: 147.81 MB
CDS: on
MetaspaceReclaimPolicy: balanced
 - commit_granule_bytes: 65536.
 - commit_granule_words: 8192.
 - virtual_space_node_default_size: 8388608.
 - enlarge_chunks_in_place: 1.
 - new_chunks_are_fully_committed: 0.
 - uncommit_free_chunks: 1.
 - use_allocation_guard: 0.
 - handle_deallocations: 1.


Internal statistics:

num_allocs_failed_limit: 12.
num_arena_births: 1076.
num_arena_deaths: 0.
num_vsnodes_births: 3.
num_vsnodes_deaths: 0.
num_space_committed: 1554.
num_space_uncommitted: 0.
num_chunks_returned_to_freelist: 12.
num_chunks_taken_from_freelist: 5108.
num_chunk_merges: 12.
num_chunk_splits: 3365.
num_chunks_enlarged: 2207.
num_inconsistent_stats: 0.

CodeHeap 'non-profiled nmethods': size=120000Kb used=8279Kb max_used=8475Kb free=111720Kb
 bounds [0x00000242b3a50000, 0x00000242b42a0000, 0x00000242baf80000]
CodeHeap 'profiled nmethods': size=120000Kb used=25637Kb max_used=25689Kb free=94362Kb
 bounds [0x00000242abf80000, 0x00000242ad8a0000, 0x00000242b34b0000]
CodeHeap 'non-nmethods': size=5760Kb used=2449Kb max_used=2545Kb free=3311Kb
 bounds [0x00000242b34b0000, 0x00000242b3740000, 0x00000242b3a50000]
 total_blobs=13712 nmethods=12735 adapters=889
 compilation: enabled
              stopped_count=0, restarted_count=0
 full_count=0

Compilation events (20 events):
Event: 44.925 Thread 0x00000242c20956f0 nmethod 14258 0x00000242ad883290 code [0x00000242ad883480, 0x00000242ad883a98]
Event: 44.925 Thread 0x00000242c20956f0 14259       3       sun.nio.ch.FileDispatcherImpl::seek (6 bytes)
Event: 44.925 Thread 0x00000242c20956f0 nmethod 14259 0x00000242ad883c90 code [0x00000242ad883e20, 0x00000242ad883f68]
Event: 44.943 Thread 0x00000242c20956f0 14262       3       com.google.common.io.Files::getNameWithoutExtension (40 bytes)
Event: 44.943 Thread 0x00000242e81a24b0 nmethod 13761 0x00000242b427e590 code [0x00000242b427ee20, 0x00000242b428b118]
Event: 44.943 Thread 0x00000242c20956f0 nmethod 14262 0x00000242ad884010 code [0x00000242ad884240, 0x00000242ad884a18]
Event: 44.943 Thread 0x00000242e81a24b0 14261 %     4       com.google.common.collect.RegularImmutableMap::fromEntryArray @ 56 (201 bytes)
Event: 44.944 Thread 0x00000242c20956f0 14263       3       org.gradle.internal.model.CalculatedValueContainerFactory::create (10 bytes)
Event: 44.944 Thread 0x00000242c20956f0 nmethod 14263 0x00000242ad884d10 code [0x00000242ad884ee0, 0x00000242ad885458]
Event: 44.944 Thread 0x00000242c20956f0 14264       3       org.gradle.internal.model.CalculatedValueContainer::<init> (18 bytes)
Event: 44.944 Thread 0x00000242c20956f0 nmethod 14264 0x00000242ad885690 code [0x00000242ad885860, 0x00000242ad885d18]
Event: 44.944 Thread 0x00000242c20956f0 14265       3       org.gradle.internal.component.model.DefaultIvyArtifactName::forFileName (22 bytes)
Event: 44.944 Thread 0x00000242c20956f0 nmethod 14265 0x00000242ad885f10 code [0x00000242ad8860e0, 0x00000242ad886528]
Event: 44.945 Thread 0x00000242c20956f0 14266       3       org.gradle.execution.plan.ValuedVfsHierarchy$1::handleAsDescendantOfChild (10 bytes)
Event: 44.945 Thread 0x00000242c20956f0 nmethod 14266 0x00000242ad886690 code [0x00000242ad886840, 0x00000242ad886b08]
Event: 44.946 Thread 0x00000242c20956f0 14267       3       org.gradle.api.internal.artifacts.DefaultResolvableArtifact::transformedTo (65 bytes)
Event: 44.947 Thread 0x00000242c20956f0 nmethod 14267 0x00000242ad886c10 code [0x00000242ad886e80, 0x00000242ad887a58]
Event: 44.947 Thread 0x00000242c20956f0 14268       3       org.gradle.api.internal.artifacts.PreResolvedResolvableArtifact::getFile (22 bytes)
Event: 44.947 Thread 0x00000242c20956f0 nmethod 14268 0x00000242ad887f90 code [0x00000242ad888180, 0x00000242ad888638]
Event: 44.948 Thread 0x00000242c20956f0 14269       3       org.gradle.execution.plan.LocalTaskNodeExecutor::collectValidationProblemsForConsumer (44 bytes)

GC Heap History (20 events):
Event: 31.434 GC heap before
{Heap before GC invocations=27 (full 0):
 garbage-first heap   total 138240K, used 113510K [0x0000000080000000, 0x0000000100000000)
  region size 1024K, 37 young (37888K), 2 survivors (2048K)
 Metaspace       used 75740K, committed 76480K, reserved 557056K
  class space    used 10490K, committed 10816K, reserved 425984K
}
Event: 31.444 GC heap after
{Heap after GC invocations=28 (full 0):
 garbage-first heap   total 222208K, used 81850K [0x0000000080000000, 0x0000000100000000)
  region size 1024K, 5 young (5120K), 5 survivors (5120K)
 Metaspace       used 75740K, committed 76480K, reserved 557056K
  class space    used 10490K, committed 10816K, reserved 425984K
}
Event: 36.373 GC heap before
{Heap before GC invocations=29 (full 0):
 garbage-first heap   total 222208K, used 184250K [0x0000000080000000, 0x0000000100000000)
  region size 1024K, 97 young (99328K), 5 survivors (5120K)
 Metaspace       used 79701K, committed 80576K, reserved 557056K
  class space    used 11006K, committed 11392K, reserved 425984K
}
Event: 36.393 GC heap after
{Heap after GC invocations=30 (full 0):
 garbage-first heap   total 222208K, used 107520K [0x0000000080000000, 0x0000000100000000)
  region size 1024K, 13 young (13312K), 13 survivors (13312K)
 Metaspace       used 79701K, committed 80576K, reserved 557056K
  class space    used 11006K, committed 11392K, reserved 425984K
}
Event: 37.263 GC heap before
{Heap before GC invocations=30 (full 0):
 garbage-first heap   total 222208K, used 128000K [0x0000000080000000, 0x0000000100000000)
  region size 1024K, 32 young (32768K), 13 survivors (13312K)
 Metaspace       used 79819K, committed 80640K, reserved 557056K
  class space    used 11008K, committed 11392K, reserved 425984K
}
Event: 37.275 GC heap after
{Heap after GC invocations=31 (full 0):
 garbage-first heap   total 222208K, used 115012K [0x0000000080000000, 0x0000000100000000)
  region size 1024K, 5 young (5120K), 5 survivors (5120K)
 Metaspace       used 79819K, committed 80640K, reserved 557056K
  class space    used 11008K, committed 11392K, reserved 425984K
}
Event: 38.702 GC heap before
{Heap before GC invocations=32 (full 0):
 garbage-first heap   total 222208K, used 176452K [0x0000000080000000, 0x0000000100000000)
  region size 1024K, 61 young (62464K), 5 survivors (5120K)
 Metaspace       used 83769K, committed 84608K, reserved 557056K
  class space    used 11536K, committed 11904K, reserved 425984K
}
Event: 38.715 GC heap after
{Heap after GC invocations=33 (full 0):
 garbage-first heap   total 222208K, used 126701K [0x0000000080000000, 0x0000000100000000)
  region size 1024K, 8 young (8192K), 8 survivors (8192K)
 Metaspace       used 83769K, committed 84608K, reserved 557056K
  class space    used 11536K, committed 11904K, reserved 425984K
}
Event: 38.756 GC heap before
{Heap before GC invocations=33 (full 0):
 garbage-first heap   total 222208K, used 128749K [0x0000000080000000, 0x0000000100000000)
  region size 1024K, 10 young (10240K), 8 survivors (8192K)
 Metaspace       used 83913K, committed 84800K, reserved 557056K
  class space    used 11550K, committed 11968K, reserved 425984K
}
Event: 38.764 GC heap after
{Heap after GC invocations=34 (full 0):
 garbage-first heap   total 222208K, used 127182K [0x0000000080000000, 0x0000000100000000)
  region size 1024K, 1 young (1024K), 1 survivors (1024K)
 Metaspace       used 83913K, committed 84800K, reserved 557056K
  class space    used 11550K, committed 11968K, reserved 425984K
}
Event: 40.541 GC heap before
{Heap before GC invocations=34 (full 0):
 garbage-first heap   total 222208K, used 177358K [0x0000000080000000, 0x0000000100000000)
  region size 1024K, 50 young (51200K), 1 survivors (1024K)
 Metaspace       used 89062K, committed 89984K, reserved 557056K
  class space    used 12241K, committed 12672K, reserved 425984K
}
Event: 40.553 GC heap after
{Heap after GC invocations=35 (full 0):
 garbage-first heap   total 222208K, used 131641K [0x0000000080000000, 0x0000000100000000)
  region size 1024K, 6 young (6144K), 6 survivors (6144K)
 Metaspace       used 89062K, committed 89984K, reserved 557056K
  class space    used 12241K, committed 12672K, reserved 425984K
}
Event: 42.329 GC heap before
{Heap before GC invocations=36 (full 0):
 garbage-first heap   total 234496K, used 178745K [0x0000000080000000, 0x0000000100000000)
  region size 1024K, 52 young (53248K), 6 survivors (6144K)
 Metaspace       used 95679K, committed 96704K, reserved 557056K
  class space    used 13057K, committed 13504K, reserved 425984K
}
Event: 42.348 GC heap after
{Heap after GC invocations=37 (full 0):
 garbage-first heap   total 234496K, used 137087K [0x0000000080000000, 0x0000000100000000)
  region size 1024K, 6 young (6144K), 6 survivors (6144K)
 Metaspace       used 95679K, committed 96704K, reserved 557056K
  class space    used 13057K, committed 13504K, reserved 425984K
}
Event: 42.417 GC heap before
{Heap before GC invocations=37 (full 0):
 garbage-first heap   total 234496K, used 142207K [0x0000000080000000, 0x0000000100000000)
  region size 1024K, 11 young (11264K), 6 survivors (6144K)
 Metaspace       used 95720K, committed 96704K, reserved 557056K
  class space    used 13058K, committed 13504K, reserved 425984K
}
Event: 42.425 GC heap after
{Heap after GC invocations=38 (full 0):
 garbage-first heap   total 234496K, used 137380K [0x0000000080000000, 0x0000000100000000)
  region size 1024K, 2 young (2048K), 2 survivors (2048K)
 Metaspace       used 95720K, committed 96704K, reserved 557056K
  class space    used 13058K, committed 13504K, reserved 425984K
}
Event: 42.996 GC heap before
{Heap before GC invocations=38 (full 0):
 garbage-first heap   total 234496K, used 189604K [0x0000000080000000, 0x0000000100000000)
  region size 1024K, 53 young (54272K), 2 survivors (2048K)
 Metaspace       used 97441K, committed 98368K, reserved 557056K
  class space    used 13276K, committed 13696K, reserved 425984K
}
Event: 43.006 GC heap after
{Heap after GC invocations=39 (full 0):
 garbage-first heap   total 234496K, used 141501K [0x0000000080000000, 0x0000000100000000)
  region size 1024K, 6 young (6144K), 6 survivors (6144K)
 Metaspace       used 97441K, committed 98368K, reserved 557056K
  class space    used 13276K, committed 13696K, reserved 425984K
}
Event: 44.165 GC heap before
{Heap before GC invocations=39 (full 0):
 garbage-first heap   total 234496K, used 191677K [0x0000000080000000, 0x0000000100000000)
  region size 1024K, 56 young (57344K), 6 survivors (6144K)
 Metaspace       used 98118K, committed 99072K, reserved 557056K
  class space    used 13380K, committed 13824K, reserved 425984K
}
Event: 44.178 GC heap after
{Heap after GC invocations=40 (full 0):
 garbage-first heap   total 234496K, used 145691K [0x0000000080000000, 0x0000000100000000)
  region size 1024K, 5 young (5120K), 5 survivors (5120K)
 Metaspace       used 98118K, committed 99072K, reserved 557056K
  class space    used 13380K, committed 13824K, reserved 425984K
}

Dll operation events (12 events):
Event: 0.010 Loaded shared library C:\Program Files\Microsoft\jdk-17.0.8.7-hotspot\bin\java.dll
Event: 0.046 Loaded shared library C:\Program Files\Microsoft\jdk-17.0.8.7-hotspot\bin\jsvml.dll
Event: 0.109 Loaded shared library C:\Program Files\Microsoft\jdk-17.0.8.7-hotspot\bin\net.dll
Event: 0.110 Loaded shared library C:\Program Files\Microsoft\jdk-17.0.8.7-hotspot\bin\nio.dll
Event: 0.115 Loaded shared library C:\Program Files\Microsoft\jdk-17.0.8.7-hotspot\bin\zip.dll
Event: 0.464 Loaded shared library C:\Program Files\Microsoft\jdk-17.0.8.7-hotspot\bin\jimage.dll
Event: 0.581 Loaded shared library C:\Program Files\Microsoft\jdk-17.0.8.7-hotspot\bin\verify.dll
Event: 0.979 Loaded shared library C:\Users\lab_services_student\.gradle\native\e1d6ef7f7dcc3fd88c89a11ec53ec762bb8ba0a96d01ffa2cd45eb1d1d8dd5c5\windows-amd64\native-platform.dll
Event: 0.986 Loaded shared library C:\Users\lab_services_student\.gradle\native\5664cfc778a61ccfe75a443a1ab52a65af34e5dc3c78e0209fed803814484fcb\windows-amd64\native-platform-file-events.dll
Event: 3.168 Loaded shared library C:\Program Files\Microsoft\jdk-17.0.8.7-hotspot\bin\management.dll
Event: 3.171 Loaded shared library C:\Program Files\Microsoft\jdk-17.0.8.7-hotspot\bin\management_ext.dll
Event: 3.859 Loaded shared library C:\Program Files\Microsoft\jdk-17.0.8.7-hotspot\bin\sunmscapi.dll

Deoptimization events (20 events):
Event: 44.153 Thread 0x00000242e2cc74b0 Uncommon trap: trap_request=0xffffff45 fr.pc=0x00000242b415265c relative=0x000000000000029c
Event: 44.153 Thread 0x00000242e2cc74b0 Uncommon trap: reason=unstable_if action=reinterpret pc=0x00000242b415265c method=java.util.concurrent.ConcurrentHashMap.addCount(JI)V @ 97 c2
Event: 44.153 Thread 0x00000242e2cc74b0 DEOPT PACKING pc=0x00000242b415265c sp=0x00000054a9bfcc10
Event: 44.153 Thread 0x00000242e2cc74b0 DEOPT UNPACKING pc=0x00000242b350a1a3 sp=0x00000054a9bfcb50 mode 2
Event: 44.220 Thread 0x00000242e2cc5b60 DEOPT PACKING pc=0x00000242ad4f527e sp=0x00000054a95fd7d0
Event: 44.220 Thread 0x00000242e2cc5b60 DEOPT UNPACKING pc=0x00000242b350ace3 sp=0x00000054a95fccb8 mode 0
Event: 44.280 Thread 0x00000242e5756df0 DEOPT PACKING pc=0x00000242b4241e6c sp=0x00000054abdfb160
Event: 44.280 Thread 0x00000242e5756df0 DEOPT UNPACKING pc=0x00000242b350ace3 sp=0x00000054abdfa4f8 mode 0
Event: 44.280 Thread 0x00000242e5756df0 DEOPT PACKING pc=0x00000242b4241e6c sp=0x00000054abdfb400
Event: 44.280 Thread 0x00000242e5756df0 DEOPT UNPACKING pc=0x00000242b350ace3 sp=0x00000054abdfa798 mode 0
Event: 44.280 Thread 0x00000242e5756df0 DEOPT PACKING pc=0x00000242b4241e6c sp=0x00000054abdfb6a0
Event: 44.280 Thread 0x00000242e5756df0 DEOPT UNPACKING pc=0x00000242b350ace3 sp=0x00000054abdfaa38 mode 0
Event: 44.280 Thread 0x00000242e5756df0 DEOPT PACKING pc=0x00000242b4232170 sp=0x00000054abdfb8c0
Event: 44.280 Thread 0x00000242e5756df0 DEOPT UNPACKING pc=0x00000242b350ace3 sp=0x00000054abdfad48 mode 0
Event: 44.495 Thread 0x00000242e28f90d0 Uncommon trap: trap_request=0xffffff45 fr.pc=0x00000242b3e34724 relative=0x0000000000000404
Event: 44.495 Thread 0x00000242e28f90d0 Uncommon trap: reason=unstable_if action=reinterpret pc=0x00000242b3e34724 method=java.util.stream.AbstractPipeline.<init>(Ljava/util/stream/AbstractPipeline;I)V @ 69 c2
Event: 44.495 Thread 0x00000242e28f90d0 DEOPT PACKING pc=0x00000242b3e34724 sp=0x00000054a74f8800
Event: 44.495 Thread 0x00000242e28f90d0 DEOPT UNPACKING pc=0x00000242b350a1a3 sp=0x00000054a74f87c8 mode 2
Event: 44.919 Thread 0x00000242e2cc6a90 DEOPT PACKING pc=0x00000242ad4fca53 sp=0x00000054a9afe0f0
Event: 44.919 Thread 0x00000242e2cc6a90 DEOPT UNPACKING pc=0x00000242b350ace3 sp=0x00000054a9afd600 mode 0

Classes unloaded (0 events):
No events

Classes redefined (0 events):
No events

Internal exceptions (20 events):
Event: 40.865 Thread 0x00000242e28f90d0 Exception <a 'sun/nio/fs/WindowsException'{0x000000008e218fd0}> (0x000000008e218fd0) 
thrown [s\src\hotspot\share\prims\jni.cpp, line 516]
Event: 40.867 Thread 0x00000242e28f90d0 Exception <a 'sun/nio/fs/WindowsException'{0x000000008e21a3c0}> (0x000000008e21a3c0) 
thrown [s\src\hotspot\share\prims\jni.cpp, line 516]
Event: 40.867 Thread 0x00000242e28f90d0 Exception <a 'sun/nio/fs/WindowsException'{0x000000008e21b7e8}> (0x000000008e21b7e8) 
thrown [s\src\hotspot\share\prims\jni.cpp, line 516]
Event: 40.868 Thread 0x00000242e28f90d0 Exception <a 'sun/nio/fs/WindowsException'{0x000000008e21cc10}> (0x000000008e21cc10) 
thrown [s\src\hotspot\share\prims\jni.cpp, line 516]
Event: 41.086 Thread 0x00000242e28f90d0 Implicit null exception at 0x00000242b3bfd44b to 0x00000242b3bfd470
Event: 41.213 Thread 0x00000242e28f90d0 Exception <a 'sun/nio/fs/WindowsException'{0x000000008d84f1c0}> (0x000000008d84f1c0) 
thrown [s\src\hotspot\share\prims\jni.cpp, line 516]
Event: 42.349 Thread 0x00000242c2077820 Implicit null exception at 0x00000242b3e38100 to 0x00000242b3e3878c
Event: 43.017 Thread 0x00000242e28f90d0 Implicit null exception at 0x00000242b4077ff0 to 0x00000242b407870c
Event: 43.031 Thread 0x00000242e57568e0 Exception <a 'java/lang/NoSuchMethodError'{0x000000008e314720}: 'void java.lang.invoke.DirectMethodHandle$Holder.invokeVirtual(java.lang.Object, java.lang.Object)'> (0x000000008e314720) 
thrown [s\src\hotspot\share\interpreter\linkResolver.cpp, line 759]
Event: 43.056 Thread 0x00000242e57568e0 Exception <a 'java/lang/ClassNotFoundException'{0x000000008e221e80}: groovy/util/FileTreeBuilderBeanInfo> (0x000000008e221e80) 
thrown [s\src\hotspot\share\classfile\systemDictionary.cpp, line 256]
Event: 43.057 Thread 0x00000242e57568e0 Exception <a 'java/lang/ClassNotFoundException'{0x000000008e2830a0}: groovy/util/FileTreeBuilderCustomizer> (0x000000008e2830a0) 
thrown [s\src\hotspot\share\classfile\systemDictionary.cpp, line 256]
Event: 43.063 Thread 0x00000242e57568e0 Exception <a 'java/lang/ClassNotFoundException'{0x000000008e2b6e20}: java/io/BufferedWriterBeanInfo> (0x000000008e2b6e20) 
thrown [s\src\hotspot\share\classfile\systemDictionary.cpp, line 256]
Event: 43.063 Thread 0x00000242e57568e0 Exception <a 'java/lang/ClassNotFoundException'{0x000000008e2bc520}: java/io/WriterBeanInfo> (0x000000008e2bc520) 
thrown [s\src\hotspot\share\classfile\systemDictionary.cpp, line 256]
Event: 43.064 Thread 0x00000242e57568e0 Exception <a 'java/lang/ClassNotFoundException'{0x000000008e2c1998}: java/io/WriterCustomizer> (0x000000008e2c1998) 
thrown [s\src\hotspot\share\classfile\systemDictionary.cpp, line 256]
Event: 43.064 Thread 0x00000242e57568e0 Exception <a 'java/lang/ClassNotFoundException'{0x000000008e2cf7f8}: java/io/BufferedWriterCustomizer> (0x000000008e2cf7f8) 
thrown [s\src\hotspot\share\classfile\systemDictionary.cpp, line 256]
Event: 43.155 Thread 0x00000242e57568e0 Exception <a 'java/lang/NoSuchMethodError'{0x000000008e083a70}: static Lcom/android/build/api/variant/BuildConfigField;.<clinit>()V> (0x000000008e083a70) 
thrown [s\src\hotspot\share\prims\jni.cpp, line 1107]
Event: 43.200 Thread 0x00000242e5756df0 Exception <a 'java/lang/NoSuchMethodError'{0x000000008df2cf78}: 'void java.lang.invoke.DirectMethodHandle$Holder.invokeStatic(java.lang.Object, java.lang.Object, java.lang.Object, java.lang.Object, int, java.lang.Object, java.lang.Object)'> (0x000000008df2cf78) 
thrown [s\src\hotspot\share\interpreter\linkResolver.cpp, line 759]
Event: 43.235 Thread 0x00000242e2cc9820 Exception <a 'java/lang/NoSuchMethodError'{0x000000008deee3d0}: 'java.lang.Object java.lang.invoke.DirectMethodHandle$Holder.invokeSpecialIFC(java.lang.Object, java.lang.Object, java.lang.Object)'> (0x000000008deee3d0) 
thrown [s\src\hotspot\share\interpreter\linkResolver.cpp, line 759]
Event: 44.472 Thread 0x00000242e28f90d0 Exception <a 'java/lang/NoSuchMethodError'{0x000000008d462b58}: static Lcom/android/build/api/variant/impl/ResValueKeyImpl;.<clinit>()V> (0x000000008d462b58) 
thrown [s\src\hotspot\share\prims\jni.cpp, line 1107]
Event: 44.472 Thread 0x00000242e28f90d0 Exception <a 'java/lang/NoSuchMethodError'{0x000000008d475ff0}: static Lcom/android/build/api/variant/ResValue;.<clinit>()V> (0x000000008d475ff0) 
thrown [s\src\hotspot\share\prims\jni.cpp, line 1107]

VM Operations (20 events):
Event: 43.295 Executing VM operation: HandshakeAllThreads
Event: 43.295 Executing VM operation: HandshakeAllThreads done
Event: 43.671 Executing VM operation: ICBufferFull
Event: 43.672 Executing VM operation: ICBufferFull done
Event: 43.672 Executing VM operation: ICBufferFull
Event: 43.672 Executing VM operation: ICBufferFull done
Event: 44.164 Executing VM operation: G1CollectForAllocation
Event: 44.178 Executing VM operation: G1CollectForAllocation done
Event: 44.278 Executing VM operation: HandshakeAllThreads
Event: 44.278 Executing VM operation: HandshakeAllThreads done
Event: 44.280 Executing VM operation: HandshakeAllThreads
Event: 44.280 Executing VM operation: HandshakeAllThreads done
Event: 44.363 Executing VM operation: ICBufferFull
Event: 44.363 Executing VM operation: ICBufferFull done
Event: 44.495 Executing VM operation: HandshakeAllThreads
Event: 44.495 Executing VM operation: HandshakeAllThreads done
Event: 44.741 Executing VM operation: ICBufferFull
Event: 44.741 Executing VM operation: ICBufferFull done
Event: 44.742 Executing VM operation: ICBufferFull
Event: 44.742 Executing VM operation: ICBufferFull done

Events (20 events):
Event: 43.064 loading class java/io/BufferedWriterCustomizer
Event: 43.064 loading class java/io/BufferedWriterCustomizer done
Event: 43.064 loading class java/io/BufferedWriterCustomizer
Event: 43.064 loading class java/io/BufferedWriterCustomizer done
Event: 43.159 loading class java/net/HttpURLConnection
Event: 43.160 loading class java/net/HttpURLConnection done
Event: 43.160 loading class sun/net/ProgressMonitor
Event: 43.161 loading class sun/net/ProgressMonitor done
Event: 43.161 loading class sun/net/DefaultProgressMeteringPolicy
Event: 43.161 loading class sun/net/ProgressMeteringPolicy
Event: 43.161 loading class sun/net/ProgressMeteringPolicy done
Event: 43.161 loading class sun/net/DefaultProgressMeteringPolicy done
Event: 44.485 loading class java/util/stream/SortedOps
Event: 44.489 loading class java/util/stream/SortedOps done
Event: 44.489 loading class java/util/stream/SortedOps$OfRef
Event: 44.492 loading class java/util/stream/SortedOps$OfRef done
Event: 44.495 loading class java/util/stream/SortedOps$SizedRefSortingSink
Event: 44.498 loading class java/util/stream/SortedOps$AbstractRefSortingSink
Event: 44.502 loading class java/util/stream/SortedOps$AbstractRefSortingSink done
Event: 44.502 loading class java/util/stream/SortedOps$SizedRefSortingSink done


Dynamic libraries:
0x00007ff6dc430000 - 0x00007ff6dc43e000 	C:\Program Files\Microsoft\jdk-17.0.8.7-hotspot\bin\java.exe
0x00007ffadc0a0000 - 0x00007ffadc2a9000 	C:\Windows\SYSTEM32\ntdll.dll
0x00007ffadb130000 - 0x00007ffadb1ed000 	C:\Windows\System32\KERNEL32.DLL
0x00007ffad98b0000 - 0x00007ffad9c34000 	C:\Windows\System32\KERNELBASE.dll
0x00007ffad9c40000 - 0x00007ffad9d51000 	C:\Windows\System32\ucrtbase.dll
0x00007ffaace50000 - 0x00007ffaace67000 	C:\Program Files\Microsoft\jdk-17.0.8.7-hotspot\bin\jli.dll
0x00007ffad11b0000 - 0x00007ffad11cb000 	C:\Program Files\Microsoft\jdk-17.0.8.7-hotspot\bin\VCRUNTIME140.dll
0x00007ffadb380000 - 0x00007ffadb52d000 	C:\Windows\System32\USER32.dll
0x00007ffaba700000 - 0x00007ffaba9a5000 	C:\Windows\WinSxS\amd64_microsoft.windows.common-controls_6595b64144ccf1df_6.0.22000.120_none_9d947278b86cc467\COMCTL32.dll
0x00007ffad9e00000 - 0x00007ffad9e26000 	C:\Windows\System32\win32u.dll
0x00007ffada990000 - 0x00007ffadaa33000 	C:\Windows\System32\msvcrt.dll
0x00007ffadb2f0000 - 0x00007ffadb31a000 	C:\Windows\System32\GDI32.dll
0x00007ffad9620000 - 0x00007ffad973e000 	C:\Windows\System32\gdi32full.dll
0x00007ffad9d60000 - 0x00007ffad9dfd000 	C:\Windows\System32\msvcp_win.dll
0x00007ffada4d0000 - 0x00007ffada501000 	C:\Windows\System32\IMM32.DLL
0x00007ffaac490000 - 0x00007ffaac49c000 	C:\Program Files\Microsoft\jdk-17.0.8.7-hotspot\bin\vcruntime140_1.dll
0x00007ffa79460000 - 0x00007ffa794ed000 	C:\Program Files\Microsoft\jdk-17.0.8.7-hotspot\bin\msvcp140.dll
0x00007ffa76080000 - 0x00007ffa76ce5000 	C:\Program Files\Microsoft\jdk-17.0.8.7-hotspot\bin\server\jvm.dll
0x00007ffada260000 - 0x00007ffada30e000 	C:\Windows\System32\ADVAPI32.dll
0x00007ffadabf0000 - 0x00007ffadac8e000 	C:\Windows\System32\sechost.dll
0x00007ffadb530000 - 0x00007ffadb651000 	C:\Windows\System32\RPCRT4.dll
0x00007ffad9400000 - 0x00007ffad944d000 	C:\Windows\SYSTEM32\POWRPROF.dll
0x00007ffaac480000 - 0x00007ffaac489000 	C:\Windows\SYSTEM32\WSOCK32.dll
0x00007ffadaa40000 - 0x00007ffadaaaf000 	C:\Windows\System32\WS2_32.dll
0x00007ffacf210000 - 0x00007ffacf243000 	C:\Windows\SYSTEM32\WINMM.dll
0x00007ffacef20000 - 0x00007ffacef2a000 	C:\Windows\SYSTEM32\VERSION.dll
0x00007ffad93e0000 - 0x00007ffad93f3000 	C:\Windows\SYSTEM32\UMPDC.dll
0x00007ffad8560000 - 0x00007ffad8578000 	C:\Windows\SYSTEM32\kernel.appcore.dll
0x00007ffaac250000 - 0x00007ffaac25a000 	C:\Program Files\Microsoft\jdk-17.0.8.7-hotspot\bin\jimage.dll
0x00007ffacae80000 - 0x00007ffacb0a1000 	C:\Windows\SYSTEM32\DBGHELP.DLL
0x00007ffacae40000 - 0x00007ffacae71000 	C:\Windows\SYSTEM32\dbgcore.DLL
0x00007ffad9530000 - 0x00007ffad95af000 	C:\Windows\System32\bcryptPrimitives.dll
0x00007ffa82e80000 - 0x00007ffa82ea5000 	C:\Program Files\Microsoft\jdk-17.0.8.7-hotspot\bin\java.dll
0x00007ffa75fa0000 - 0x00007ffa76077000 	C:\Program Files\Microsoft\jdk-17.0.8.7-hotspot\bin\jsvml.dll
0x00007ffadb660000 - 0x00007ffadbe25000 	C:\Windows\System32\SHELL32.dll
0x00007ffad75c0000 - 0x00007ffad7e22000 	C:\Windows\SYSTEM32\windows.storage.dll
0x00007ffada510000 - 0x00007ffada886000 	C:\Windows\System32\combase.dll
0x00007ffad7450000 - 0x00007ffad75b7000 	C:\Windows\SYSTEM32\wintypes.dll
0x00007ffada8a0000 - 0x00007ffada98a000 	C:\Windows\System32\SHCORE.dll
0x00007ffadaae0000 - 0x00007ffadab3d000 	C:\Windows\System32\shlwapi.dll
0x00007ffad9460000 - 0x00007ffad9485000 	C:\Windows\SYSTEM32\profapi.dll
0x00007ffa82f90000 - 0x00007ffa82fa9000 	C:\Program Files\Microsoft\jdk-17.0.8.7-hotspot\bin\net.dll
0x00007ffad1590000 - 0x00007ffad16a4000 	C:\Windows\SYSTEM32\WINHTTP.dll
0x00007ffad8a00000 - 0x00007ffad8a67000 	C:\Windows\system32\mswsock.dll
0x00007ffa82dd0000 - 0x00007ffa82de6000 	C:\Program Files\Microsoft\jdk-17.0.8.7-hotspot\bin\nio.dll
0x00007ffa7cdd0000 - 0x00007ffa7cde8000 	C:\Program Files\Microsoft\jdk-17.0.8.7-hotspot\bin\zip.dll
0x00007ffaac240000 - 0x00007ffaac250000 	C:\Program Files\Microsoft\jdk-17.0.8.7-hotspot\bin\verify.dll
0x00007ffa7cda0000 - 0x00007ffa7cdc7000 	C:\Users\lab_services_student\.gradle\native\e1d6ef7f7dcc3fd88c89a11ec53ec762bb8ba0a96d01ffa2cd45eb1d1d8dd5c5\windows-amd64\native-platform.dll
0x00007ffa75e50000 - 0x00007ffa75f94000 	C:\Users\lab_services_student\.gradle\native\5664cfc778a61ccfe75a443a1ab52a65af34e5dc3c78e0209fed803814484fcb\windows-amd64\native-platform-file-events.dll
0x00007ffa82ee0000 - 0x00007ffa82ee9000 	C:\Program Files\Microsoft\jdk-17.0.8.7-hotspot\bin\management.dll
0x00007ffa82e70000 - 0x00007ffa82e7b000 	C:\Program Files\Microsoft\jdk-17.0.8.7-hotspot\bin\management_ext.dll
0x00007ffadc050000 - 0x00007ffadc058000 	C:\Windows\System32\PSAPI.DLL
0x00007ffad8cd0000 - 0x00007ffad8ce8000 	C:\Windows\SYSTEM32\CRYPTSP.dll
0x00007ffad84c0000 - 0x00007ffad84f5000 	C:\Windows\system32\rsaenh.dll
0x00007ffad8aa0000 - 0x00007ffad8acc000 	C:\Windows\SYSTEM32\USERENV.dll
0x00007ffad8e10000 - 0x00007ffad8e37000 	C:\Windows\SYSTEM32\bcrypt.dll
0x00007ffad8bf0000 - 0x00007ffad8bfc000 	C:\Windows\SYSTEM32\CRYPTBASE.dll
0x00007ffad8070000 - 0x00007ffad809d000 	C:\Windows\SYSTEM32\IPHLPAPI.DLL
0x00007ffadaab0000 - 0x00007ffadaab9000 	C:\Windows\System32\NSI.dll
0x00007ffad1540000 - 0x00007ffad1559000 	C:\Windows\SYSTEM32\dhcpcsvc6.DLL
0x00007ffad17b0000 - 0x00007ffad17ce000 	C:\Windows\SYSTEM32\dhcpcsvc.DLL
0x00007ffad80a0000 - 0x00007ffad8187000 	C:\Windows\SYSTEM32\DNSAPI.dll
0x00007ffa82dc0000 - 0x00007ffa82dce000 	C:\Program Files\Microsoft\jdk-17.0.8.7-hotspot\bin\sunmscapi.dll
0x00007ffad9740000 - 0x00007ffad98a2000 	C:\Windows\System32\CRYPT32.dll
0x00007ffad8de0000 - 0x00007ffad8e08000 	C:\Windows\SYSTEM32\ncrypt.dll
0x00007ffad8da0000 - 0x00007ffad8dd7000 	C:\Windows\SYSTEM32\NTASN1.dll
0x00007ffab5520000 - 0x00007ffab5528000 	C:\Windows\system32\wshunix.dll
0x00007ffacfa60000 - 0x00007ffacfa6a000 	C:\Windows\System32\rasadhlp.dll
0x00007ffad10b0000 - 0x00007ffad1131000 	C:\Windows\System32\fwpuclnt.dll
0x00007ffac2cc0000 - 0x00007ffac2cd7000 	C:\Windows\system32\napinsp.dll
0x00007ffac2ca0000 - 0x00007ffac2cbb000 	C:\Windows\system32\pnrpnsp.dll
0x00007ffac2c50000 - 0x00007ffac2c62000 	C:\Windows\System32\winrnr.dll
0x00007ffac2c30000 - 0x00007ffac2c45000 	C:\Windows\system32\wshbth.dll
0x00007ffac0820000 - 0x00007ffac083f000 	C:\Windows\system32\nlansp_c.dll

dbghelp: loaded successfully - version: 4.0.5 - missing functions: none
symbol engine: initialized successfully - sym options: 0x614 - pdb path: .;C:\Program Files\Microsoft\jdk-17.0.8.7-hotspot\bin;C:\Windows\SYSTEM32;C:\Windows\WinSxS\amd64_microsoft.windows.common-controls_6595b64144ccf1df_6.0.22000.120_none_9d947278b86cc467;C:\Program Files\Microsoft\jdk-17.0.8.7-hotspot\bin\server;C:\Users\lab_services_student\.gradle\native\e1d6ef7f7dcc3fd88c89a11ec53ec762bb8ba0a96d01ffa2cd45eb1d1d8dd5c5\windows-amd64;C:\Users\lab_services_student\.gradle\native\5664cfc778a61ccfe75a443a1ab52a65af34e5dc3c78e0209fed803814484fcb\windows-amd64

VM Arguments:
jvm_args: -XX:MaxMetaspaceSize=512m --add-opens=java.base/java.util=ALL-UNNAMED --add-opens=java.base/java.lang=ALL-UNNAMED --add-opens=java.base/java.lang.invoke=ALL-UNNAMED --add-opens=java.base/java.util=ALL-UNNAMED --add-opens=java.prefs/java.util.prefs=ALL-UNNAMED --add-opens=java.prefs/java.util.prefs=ALL-UNNAMED --add-opens=java.base/java.nio.charset=ALL-UNNAMED --add-opens=java.base/java.net=ALL-UNNAMED --add-opens=java.base/java.util.concurrent.atomic=ALL-UNNAMED -Xmx2048m -Dfile.encoding=windows-1252 -Duser.country=ZA -Duser.language=en -Duser.variant 
java_command: org.gradle.launcher.daemon.bootstrap.GradleDaemon 7.3.3
java_class_path (initial): C:\Users\lab_services_student\.gradle\wrapper\dists\gradle-7.3.3-all\4295vidhdd9hd3gbjyw1xqxpo\gradle-7.3.3\lib\gradle-launcher-7.3.3.jar
Launcher Type: SUN_STANDARD

[Global flags]
     intx CICompilerCount                          = 3                                         {product} {ergonomic}
   size_t CompressedClassSpaceSize                 = 436207616                                 {product} {ergonomic}
     uint ConcGCThreads                            = 1                                         {product} {ergonomic}
     uint G1ConcRefinementThreads                  = 4                                         {product} {ergonomic}
   size_t G1HeapRegionSize                         = 1048576                                   {product} {ergonomic}
    uintx GCDrainStackTargetSize                   = 64                                        {product} {ergonomic}
   size_t InitialHeapSize                          = 268435456                                 {product} {ergonomic}
   size_t MarkStackSize                            = 4194304                                   {product} {ergonomic}
   size_t MaxHeapSize                              = 2147483648                                {product} {command line}
   size_t MaxMetaspaceSize                         = 536870912                                 {product} {command line}
   size_t MaxNewSize                               = 1287651328                                {product} {ergonomic}
   size_t MinHeapDeltaBytes                        = 1048576                                   {product} {ergonomic}
   size_t MinHeapSize                              = 8388608                                   {product} {ergonomic}
    uintx NonNMethodCodeHeapSize                   = 5832780                                {pd product} {ergonomic}
    uintx NonProfiledCodeHeapSize                  = 122912730                              {pd product} {ergonomic}
    uintx ProfiledCodeHeapSize                     = 122912730                              {pd product} {ergonomic}
    uintx ReservedCodeCacheSize                    = 251658240                              {pd product} {ergonomic}
     bool SegmentedCodeCache                       = true                                      {product} {ergonomic}
   size_t SoftMaxHeapSize                          = 2147483648                             {manageable} {ergonomic}
     bool UseCompressedClassPointers               = true                           {product lp64_product} {ergonomic}
     bool UseCompressedOops                        = true                           {product lp64_product} {ergonomic}
     bool UseG1GC                                  = true                                      {product} {ergonomic}
     bool UseLargePagesIndividualAllocation        = false                                  {pd product} {ergonomic}

Logging:
Log output configuration:
 #0: stdout all=warning uptime,level,tags
 #1: stderr all=off uptime,level,tags

Environment Variables:
JAVA_HOME=C:\Program Files\Microsoft\jdk-17.0.8.7-hotspot\
CLASSPATH=C:\Users\lab_services_student\Desktop\MAST PART 2\Part\android\\gradle\wrapper\gradle-wrapper.jar
PATH=C:\Users\lab_services_student\Desktop\MAST PART 2\Part\android\node_modules\.bin;C:\Users\lab_services_student\Desktop\MAST PART 2\Part\node_modules\.bin;C:\Users\lab_services_student\Desktop\MAST PART 2\node_modules\.bin;C:\Users\lab_services_student\Desktop\node_modules\.bin;C:\Users\lab_services_student\node_modules\.bin;C:\Users\node_modules\.bin;C:\node_modules\.bin;C:\Program Files\nodejs;C:\Users\lab_services_student\Desktop\MAST PART 2\Part\node_modules\.bin;C:\Users\lab_services_student\Desktop\MAST PART 2\Part\node_modules\.bin;C:\Users\lab_services_student\Desktop\MAST PART 2\node_modules\.bin;C:\Users\lab_services_student\Desktop\node_modules\.bin;C:\Users\lab_services_student\node_modules\.bin;C:\Users\node_modules\.bin;C:\node_modules\.bin;C:\Program Files\nodejs\node_modules\npm\node_modules\@npmcli\run-script\lib\node-gyp-bin;C:\Python312\Scripts\;C:\Python312\;C:\Program Files\Microsoft\jdk-17.0.8.7-hotspot\bin;C:\Windows\system32;C:\Windows;C:\Windows\System32\Wbem;C:\Windows\System32\WindowsPowerShell\v1.0\;C:\Windows\System32\OpenSSH\;C:\ProgramData\chocolatey\bin;C:\Program Files\Microsoft VS Code\bin;C:\Program Files\nodejs\;%LOCALAPPDATA%\Android\Sdk\platform-tools;C:\Program Files\Git\cmd;C:\Users\lab_services_student\AppData\Local\Microsoft\WindowsApps;C:\Users\lab_services_student\AppData\Roaming\npm;C:\Users\lab_services_student\AppData\Local\GitHubDesktop\bin
USERNAME=lab_services_student
LANG=en_US.UTF-8
OS=Windows_NT
PROCESSOR_IDENTIFIER=Intel64 Family 6 Model 85 Stepping 7, GenuineIntel
TMP=C:\Users\LAB_SE~1\AppData\Local\Temp
TEMP=C:\Users\LAB_SE~1\AppData\Local\Temp



---------------  S Y S T E M  ---------------

OS:
 Windows 11 , 64 bit Build 22000 (10.0.22000.2538)
OS uptime: 0 days 0:05 hours
Hyper-V role detected

CPU: total 4 (initial active 4) (2 cores per cpu, 2 threads per core) family 6 model 85 stepping 7 microcode 0xffffffff, cx8, cmov, fxsr, ht, mmx, 3dnowpref, sse, sse2, sse3, ssse3, sse4.1, sse4.2, popcnt, lzcnt, tsc, avx, avx2, aes, erms, clmul, bmi1, bmi2, rtm, adx, avx512f, avx512dq, avx512cd, avx512bw, avx512vl, fma, vzeroupper, avx512_vnni, clflush, clflushopt, clwb, hv
Processor Information for all 4 processors :
  Max Mhz: 2594, Current Mhz: 2594, Mhz Limit: 2594

Memory: 4k page, system-wide physical 16382M (9259M free)
TotalPageFile size 18814M (AvailPageFile size 10243M)
current process WorkingSet (physical memory assigned to process): 530M, peak: 533M
current process commit charge ("private bytes"): 568M, peak: 571M

vm_info: OpenJDK 64-Bit Server VM (17.0.8+7-LTS) for windows-amd64 JRE (17.0.8+7-LTS), built on Jul  7 2023 17:21:55 by "MicrosoftCorporation" with MS VC++ 16.10 / 16.11 (VS2019)

END.
